17:16:37.080 [main] DEBUG io.netty.util.internal.logging.InternalLoggerFactory - Using Log4J2 as the default logging framework
17:16:37.087 [main] DEBUG io.netty.util.ResourceLeakDetector - -Dio.netty.leakDetection.level: simple
17:16:37.087 [main] DEBUG io.netty.util.ResourceLeakDetector - -Dio.netty.leakDetection.targetRecords: 4
17:16:37.090 [main] DEBUG io.netty.util.ResourceLeakDetectorFactory - Loaded default ResourceLeakDetector: io.netty.util.ResourceLeakDetector@116a2108
17:16:37.107 [main] DEBUG io.netty.util.internal.PlatformDependent0 - -Dio.netty.noUnsafe: false
17:16:37.107 [main] DEBUG io.netty.util.internal.PlatformDependent0 - Java version: 17
17:16:37.108 [main] DEBUG io.netty.util.internal.PlatformDependent0 - sun.misc.Unsafe.theUnsafe: available
17:16:37.109 [main] DEBUG io.netty.util.internal.PlatformDependent0 - sun.misc.Unsafe.copyMemory: available
17:16:37.109 [main] DEBUG io.netty.util.internal.PlatformDependent0 - sun.misc.Unsafe.storeFence: available
17:16:37.109 [main] DEBUG io.netty.util.internal.PlatformDependent0 - java.nio.Buffer.address: available
17:16:37.110 [main] DEBUG io.netty.util.internal.PlatformDependent0 - direct buffer constructor: unavailable: Reflective setAccessible(true) disabled
17:16:37.110 [main] DEBUG io.netty.util.internal.PlatformDependent0 - java.nio.Bits.unaligned: available, true
17:16:37.111 [main] DEBUG io.netty.util.internal.PlatformDependent0 - jdk.internal.misc.Unsafe.allocateUninitializedArray(int): unavailable: class io.netty.util.internal.PlatformDependent0$7 cannot access class jdk.internal.misc.Unsafe (in module java.base) because module java.base does not export jdk.internal.misc to unnamed module @3a5ed7a6
17:16:37.112 [main] DEBUG io.netty.util.internal.PlatformDependent0 - java.nio.DirectByteBuffer.<init>(long, int): unavailable
17:16:37.112 [main] DEBUG io.netty.util.internal.PlatformDependent - sun.misc.Unsafe: available
17:16:37.113 [main] DEBUG io.netty.util.internal.PlatformDependent - maxDirectMemory: 2092957696 bytes (maybe)
17:16:37.113 [main] DEBUG io.netty.util.internal.PlatformDependent - -Dio.netty.tmpdir: C:\Users\PRIYAN~1.SHA\AppData\Local\Temp (java.io.tmpdir)
17:16:37.113 [main] DEBUG io.netty.util.internal.PlatformDependent - -Dio.netty.bitMode: 64 (sun.arch.data.model)
17:16:37.113 [main] DEBUG io.netty.util.internal.PlatformDependent - Platform: Windows
17:16:37.114 [main] DEBUG io.netty.util.internal.PlatformDependent - -Dio.netty.maxDirectMemory: -1 bytes
17:16:37.114 [main] DEBUG io.netty.util.internal.PlatformDependent - -Dio.netty.uninitializedArrayAllocationThreshold: -1
17:16:37.115 [main] DEBUG io.netty.util.internal.CleanerJava9 - java.nio.ByteBuffer.cleaner(): available
17:16:37.115 [main] DEBUG io.netty.util.internal.PlatformDependent - -Dio.netty.noPreferDirect: false
17:16:37.121 [main] DEBUG io.netty.util.internal.PlatformDependent - org.jctools-core.MpscChunkedArrayQueue: available
17:16:37.137 [main] DEBUG io.netty.util.internal.InternalThreadLocalMap - -Dio.netty.threadLocalMap.stringBuilder.initialSize: 1024
17:16:37.137 [main] DEBUG io.netty.util.internal.InternalThreadLocalMap - -Dio.netty.threadLocalMap.stringBuilder.maxSize: 4096
17:16:37.281 [main] DEBUG io.netty.handler.ssl.JdkSslContext - Default protocols (JDK): [TLSv1.3, TLSv1.2] 
17:16:37.281 [main] DEBUG io.netty.handler.ssl.JdkSslContext - Default cipher suites (JDK): [TLS_ECDHE_ECDSA_WITH_AES_256_GCM_SHA384, TLS_ECDHE_ECDSA_WITH_AES_128_GCM_SHA256, TLS_ECDHE_RSA_WITH_AES_128_GCM_SHA256, TLS_ECDHE_RSA_WITH_AES_256_GCM_SHA384, TLS_ECDHE_RSA_WITH_AES_128_CBC_SHA, TLS_ECDHE_RSA_WITH_AES_256_CBC_SHA, TLS_RSA_WITH_AES_128_GCM_SHA256, TLS_RSA_WITH_AES_128_CBC_SHA, TLS_RSA_WITH_AES_256_CBC_SHA, TLS_AES_128_GCM_SHA256, TLS_AES_256_GCM_SHA384]
17:16:37.302 [main] DEBUG io.netty.channel.MultithreadEventLoopGroup - -Dio.netty.eventLoopThreads: 16
17:16:37.310 [main] DEBUG io.netty.channel.nio.NioEventLoop - -Dio.netty.noKeySetOptimization: false
17:16:37.310 [main] DEBUG io.netty.channel.nio.NioEventLoop - -Dio.netty.selectorAutoRebuildThreshold: 512
17:16:37.355 [main] DEBUG io.netty.buffer.PooledByteBufAllocator - -Dio.netty.allocator.numHeapArenas: 16
17:16:37.356 [main] DEBUG io.netty.buffer.PooledByteBufAllocator - -Dio.netty.allocator.numDirectArenas: 16
17:16:37.356 [main] DEBUG io.netty.buffer.PooledByteBufAllocator - -Dio.netty.allocator.pageSize: 8192
17:16:37.356 [main] DEBUG io.netty.buffer.PooledByteBufAllocator - -Dio.netty.allocator.maxOrder: 9
17:16:37.356 [main] DEBUG io.netty.buffer.PooledByteBufAllocator - -Dio.netty.allocator.chunkSize: 4194304
17:16:37.356 [main] DEBUG io.netty.buffer.PooledByteBufAllocator - -Dio.netty.allocator.smallCacheSize: 256
17:16:37.356 [main] DEBUG io.netty.buffer.PooledByteBufAllocator - -Dio.netty.allocator.normalCacheSize: 64
17:16:37.356 [main] DEBUG io.netty.buffer.PooledByteBufAllocator - -Dio.netty.allocator.maxCachedBufferCapacity: 32768
17:16:37.356 [main] DEBUG io.netty.buffer.PooledByteBufAllocator - -Dio.netty.allocator.cacheTrimInterval: 8192
17:16:37.356 [main] DEBUG io.netty.buffer.PooledByteBufAllocator - -Dio.netty.allocator.cacheTrimIntervalMillis: 0
17:16:37.356 [main] DEBUG io.netty.buffer.PooledByteBufAllocator - -Dio.netty.allocator.useCacheForAllThreads: false
17:16:37.356 [main] DEBUG io.netty.buffer.PooledByteBufAllocator - -Dio.netty.allocator.maxCachedByteBuffersPerChunk: 1023
17:16:37.365 [main] DEBUG io.netty.buffer.ByteBufUtil - -Dio.netty.allocator.type: pooled
17:16:37.365 [main] DEBUG io.netty.buffer.ByteBufUtil - -Dio.netty.threadLocalDirectBufferSize: 0
17:16:37.365 [main] DEBUG io.netty.buffer.ByteBufUtil - -Dio.netty.maxThreadLocalCharBufferSize: 16384
17:16:37.669 [Forwarding newSession on session null to remote] DEBUG io.netty.channel.DefaultChannelId - -Dio.netty.processId: 12200 (auto-detected)
17:16:37.671 [Forwarding newSession on session null to remote] DEBUG io.netty.util.NetUtil - -Djava.net.preferIPv4Stack: false
17:16:37.671 [Forwarding newSession on session null to remote] DEBUG io.netty.util.NetUtil - -Djava.net.preferIPv6Addresses: false
17:16:37.681 [Forwarding newSession on session null to remote] DEBUG io.netty.util.NetUtilInitializations - Loopback interface: lo (Software Loopback Interface 1, 127.0.0.1)
17:16:37.682 [Forwarding newSession on session null to remote] DEBUG io.netty.util.NetUtil - Failed to get SOMAXCONN from sysctl and file \proc\sys\net\core\somaxconn. Default: 200
17:16:37.728 [Forwarding newSession on session null to remote] DEBUG io.netty.channel.DefaultChannelId - -Dio.netty.machineId: 8c:c6:81:ff:fe:3d:41:2c (auto-detected)
17:16:37.764 [AsyncHttpClient-1-2] DEBUG io.netty.buffer.AbstractByteBuf - -Dio.netty.buffer.checkAccessible: true
17:16:37.764 [AsyncHttpClient-1-2] DEBUG io.netty.buffer.AbstractByteBuf - -Dio.netty.buffer.checkBounds: true
17:16:37.765 [AsyncHttpClient-1-2] DEBUG io.netty.util.ResourceLeakDetectorFactory - Loaded default ResourceLeakDetector: io.netty.util.ResourceLeakDetector@2a552087
17:16:37.783 [AsyncHttpClient-1-2] DEBUG io.netty.util.Recycler - -Dio.netty.recycler.maxCapacityPerThread: 4096
17:16:37.783 [AsyncHttpClient-1-2] DEBUG io.netty.util.Recycler - -Dio.netty.recycler.ratio: 8
17:16:37.783 [AsyncHttpClient-1-2] DEBUG io.netty.util.Recycler - -Dio.netty.recycler.chunkSize: 32
17:16:37.783 [AsyncHttpClient-1-2] DEBUG io.netty.util.Recycler - -Dio.netty.recycler.blocking: false
17:16:39.181 [AsyncHttpClient-1-2] DEBUG io.netty.handler.codec.compression.Brotli - brotli4j not in the classpath; Brotli support will be unavailable.
17:16:39.268 [main] DEBUG io.netty.util.internal.ThreadLocalRandom - -Dio.netty.initialSeedUniquifier: 0xeaec7fa31bb1ab3d
17:16:39.901 [main] INFO  stepDefinitions.HomePageSteps - Clicked on My Account 
17:16:40.235 [main] INFO  stepDefinitions.HomePageSteps - Clicked to register new account 
17:16:40.318 [main] INFO  stepDefinitions.HomePageSteps - User information submitted 
17:16:40.319 [main] INFO  stepDefinitions.HomePageSteps - Verifying validation messages for mandatory conditions 
17:16:40.994 [main] INFO  stepDefinitions.HomePageSteps - Validation message exists for First Name field 
17:16:40.995 [main] INFO  stepDefinitions.HomePageSteps - Validation message exists for Last Name field 
17:16:40.995 [main] INFO  stepDefinitions.HomePageSteps - Validation message exists for E-mail field 
17:16:40.995 [main] INFO  stepDefinitions.HomePageSteps - Validation message exists for Password field 
17:16:40.995 [main] INFO  stepDefinitions.HomePageSteps - Validation message popped up for Privacy Policy checkbox 
17:18:15.826 [main] DEBUG io.netty.util.internal.logging.InternalLoggerFactory - Using Log4J2 as the default logging framework
17:18:15.843 [main] DEBUG io.netty.util.ResourceLeakDetector - -Dio.netty.leakDetection.level: simple
17:18:15.845 [main] DEBUG io.netty.util.ResourceLeakDetector - -Dio.netty.leakDetection.targetRecords: 4
17:18:15.853 [main] DEBUG io.netty.util.ResourceLeakDetectorFactory - Loaded default ResourceLeakDetector: io.netty.util.ResourceLeakDetector@30d25c03
17:18:15.881 [main] DEBUG io.netty.util.internal.PlatformDependent0 - -Dio.netty.noUnsafe: false
17:18:15.881 [main] DEBUG io.netty.util.internal.PlatformDependent0 - Java version: 17
17:18:15.884 [main] DEBUG io.netty.util.internal.PlatformDependent0 - sun.misc.Unsafe.theUnsafe: available
17:18:15.884 [main] DEBUG io.netty.util.internal.PlatformDependent0 - sun.misc.Unsafe.copyMemory: available
17:18:15.885 [main] DEBUG io.netty.util.internal.PlatformDependent0 - sun.misc.Unsafe.storeFence: available
17:18:15.886 [main] DEBUG io.netty.util.internal.PlatformDependent0 - java.nio.Buffer.address: available
17:18:15.887 [main] DEBUG io.netty.util.internal.PlatformDependent0 - direct buffer constructor: unavailable: Reflective setAccessible(true) disabled
17:18:15.889 [main] DEBUG io.netty.util.internal.PlatformDependent0 - java.nio.Bits.unaligned: available, true
17:18:15.890 [main] DEBUG io.netty.util.internal.PlatformDependent0 - jdk.internal.misc.Unsafe.allocateUninitializedArray(int): unavailable: class io.netty.util.internal.PlatformDependent0$7 cannot access class jdk.internal.misc.Unsafe (in module java.base) because module java.base does not export jdk.internal.misc to unnamed module @3a5ed7a6
17:18:15.892 [main] DEBUG io.netty.util.internal.PlatformDependent0 - java.nio.DirectByteBuffer.<init>(long, int): unavailable
17:18:15.892 [main] DEBUG io.netty.util.internal.PlatformDependent - sun.misc.Unsafe: available
17:18:15.893 [main] DEBUG io.netty.util.internal.PlatformDependent - maxDirectMemory: 2092957696 bytes (maybe)
17:18:15.893 [main] DEBUG io.netty.util.internal.PlatformDependent - -Dio.netty.tmpdir: C:\Users\PRIYAN~1.SHA\AppData\Local\Temp (java.io.tmpdir)
17:18:15.894 [main] DEBUG io.netty.util.internal.PlatformDependent - -Dio.netty.bitMode: 64 (sun.arch.data.model)
17:18:15.894 [main] DEBUG io.netty.util.internal.PlatformDependent - Platform: Windows
17:18:15.895 [main] DEBUG io.netty.util.internal.PlatformDependent - -Dio.netty.maxDirectMemory: -1 bytes
17:18:15.896 [main] DEBUG io.netty.util.internal.PlatformDependent - -Dio.netty.uninitializedArrayAllocationThreshold: -1
17:18:15.897 [main] DEBUG io.netty.util.internal.CleanerJava9 - java.nio.ByteBuffer.cleaner(): available
17:18:15.897 [main] DEBUG io.netty.util.internal.PlatformDependent - -Dio.netty.noPreferDirect: false
17:18:15.907 [main] DEBUG io.netty.util.internal.PlatformDependent - org.jctools-core.MpscChunkedArrayQueue: available
17:18:15.926 [main] DEBUG io.netty.util.internal.InternalThreadLocalMap - -Dio.netty.threadLocalMap.stringBuilder.initialSize: 1024
17:18:15.926 [main] DEBUG io.netty.util.internal.InternalThreadLocalMap - -Dio.netty.threadLocalMap.stringBuilder.maxSize: 4096
17:18:16.086 [main] DEBUG io.netty.handler.ssl.JdkSslContext - Default protocols (JDK): [TLSv1.3, TLSv1.2] 
17:18:16.086 [main] DEBUG io.netty.handler.ssl.JdkSslContext - Default cipher suites (JDK): [TLS_ECDHE_ECDSA_WITH_AES_256_GCM_SHA384, TLS_ECDHE_ECDSA_WITH_AES_128_GCM_SHA256, TLS_ECDHE_RSA_WITH_AES_128_GCM_SHA256, TLS_ECDHE_RSA_WITH_AES_256_GCM_SHA384, TLS_ECDHE_RSA_WITH_AES_128_CBC_SHA, TLS_ECDHE_RSA_WITH_AES_256_CBC_SHA, TLS_RSA_WITH_AES_128_GCM_SHA256, TLS_RSA_WITH_AES_128_CBC_SHA, TLS_RSA_WITH_AES_256_CBC_SHA, TLS_AES_128_GCM_SHA256, TLS_AES_256_GCM_SHA384]
17:18:16.110 [main] DEBUG io.netty.channel.MultithreadEventLoopGroup - -Dio.netty.eventLoopThreads: 16
17:18:16.118 [main] DEBUG io.netty.channel.nio.NioEventLoop - -Dio.netty.noKeySetOptimization: false
17:18:16.118 [main] DEBUG io.netty.channel.nio.NioEventLoop - -Dio.netty.selectorAutoRebuildThreshold: 512
17:18:16.166 [main] DEBUG io.netty.buffer.PooledByteBufAllocator - -Dio.netty.allocator.numHeapArenas: 16
17:18:16.166 [main] DEBUG io.netty.buffer.PooledByteBufAllocator - -Dio.netty.allocator.numDirectArenas: 16
17:18:16.166 [main] DEBUG io.netty.buffer.PooledByteBufAllocator - -Dio.netty.allocator.pageSize: 8192
17:18:16.166 [main] DEBUG io.netty.buffer.PooledByteBufAllocator - -Dio.netty.allocator.maxOrder: 9
17:18:16.166 [main] DEBUG io.netty.buffer.PooledByteBufAllocator - -Dio.netty.allocator.chunkSize: 4194304
17:18:16.166 [main] DEBUG io.netty.buffer.PooledByteBufAllocator - -Dio.netty.allocator.smallCacheSize: 256
17:18:16.166 [main] DEBUG io.netty.buffer.PooledByteBufAllocator - -Dio.netty.allocator.normalCacheSize: 64
17:18:16.167 [main] DEBUG io.netty.buffer.PooledByteBufAllocator - -Dio.netty.allocator.maxCachedBufferCapacity: 32768
17:18:16.167 [main] DEBUG io.netty.buffer.PooledByteBufAllocator - -Dio.netty.allocator.cacheTrimInterval: 8192
17:18:16.167 [main] DEBUG io.netty.buffer.PooledByteBufAllocator - -Dio.netty.allocator.cacheTrimIntervalMillis: 0
17:18:16.167 [main] DEBUG io.netty.buffer.PooledByteBufAllocator - -Dio.netty.allocator.useCacheForAllThreads: false
17:18:16.167 [main] DEBUG io.netty.buffer.PooledByteBufAllocator - -Dio.netty.allocator.maxCachedByteBuffersPerChunk: 1023
17:18:16.178 [main] DEBUG io.netty.buffer.ByteBufUtil - -Dio.netty.allocator.type: pooled
17:18:16.178 [main] DEBUG io.netty.buffer.ByteBufUtil - -Dio.netty.threadLocalDirectBufferSize: 0
17:18:16.178 [main] DEBUG io.netty.buffer.ByteBufUtil - -Dio.netty.maxThreadLocalCharBufferSize: 16384
17:18:16.573 [Forwarding newSession on session null to remote] DEBUG io.netty.channel.DefaultChannelId - -Dio.netty.processId: 5452 (auto-detected)
17:18:16.575 [Forwarding newSession on session null to remote] DEBUG io.netty.util.NetUtil - -Djava.net.preferIPv4Stack: false
17:18:16.575 [Forwarding newSession on session null to remote] DEBUG io.netty.util.NetUtil - -Djava.net.preferIPv6Addresses: false
17:18:16.588 [Forwarding newSession on session null to remote] DEBUG io.netty.util.NetUtilInitializations - Loopback interface: lo (Software Loopback Interface 1, 127.0.0.1)
17:18:16.589 [Forwarding newSession on session null to remote] DEBUG io.netty.util.NetUtil - Failed to get SOMAXCONN from sysctl and file \proc\sys\net\core\somaxconn. Default: 200
17:18:16.634 [Forwarding newSession on session null to remote] DEBUG io.netty.channel.DefaultChannelId - -Dio.netty.machineId: 8c:c6:81:ff:fe:3d:41:2c (auto-detected)
17:18:16.674 [AsyncHttpClient-1-2] DEBUG io.netty.buffer.AbstractByteBuf - -Dio.netty.buffer.checkAccessible: true
17:18:16.674 [AsyncHttpClient-1-2] DEBUG io.netty.buffer.AbstractByteBuf - -Dio.netty.buffer.checkBounds: true
17:18:16.674 [AsyncHttpClient-1-2] DEBUG io.netty.util.ResourceLeakDetectorFactory - Loaded default ResourceLeakDetector: io.netty.util.ResourceLeakDetector@4c7e1095
17:18:16.691 [AsyncHttpClient-1-2] DEBUG io.netty.util.Recycler - -Dio.netty.recycler.maxCapacityPerThread: 4096
17:18:16.691 [AsyncHttpClient-1-2] DEBUG io.netty.util.Recycler - -Dio.netty.recycler.ratio: 8
17:18:16.691 [AsyncHttpClient-1-2] DEBUG io.netty.util.Recycler - -Dio.netty.recycler.chunkSize: 32
17:18:16.691 [AsyncHttpClient-1-2] DEBUG io.netty.util.Recycler - -Dio.netty.recycler.blocking: false
17:18:17.792 [AsyncHttpClient-1-2] DEBUG io.netty.handler.codec.compression.Brotli - brotli4j not in the classpath; Brotli support will be unavailable.
17:18:18.000 [main] DEBUG io.netty.util.internal.ThreadLocalRandom - -Dio.netty.initialSeedUniquifier: 0xa021758a971561c1
17:18:19.137 [main] INFO  stepDefinitions.HomePageSteps - Clicked on My Account 
17:18:19.662 [main] INFO  stepDefinitions.HomePageSteps - Clicked to register new account 
17:18:19.776 [main] INFO  stepDefinitions.HomePageSteps - User information submitted 
17:18:19.778 [main] INFO  stepDefinitions.HomePageSteps - Verifying validation messages for mandatory conditions 
17:18:20.644 [main] INFO  stepDefinitions.HomePageSteps - Validation message exists for First Name field 
17:18:20.649 [main] INFO  stepDefinitions.HomePageSteps - Validation message exists for Last Name field 
17:18:20.649 [main] INFO  stepDefinitions.HomePageSteps - Validation message exists for E-mail field 
17:18:20.649 [main] INFO  stepDefinitions.HomePageSteps - Validation message exists for Password field 
17:18:20.649 [main] INFO  stepDefinitions.HomePageSteps - Validation message popped up for Privacy Policy checkbox 
17:20:28.716 [main] INFO  stepDefinitions.HomePageSteps - Clicked on My Account 
17:20:29.145 [main] INFO  stepDefinitions.HomePageSteps - Clicked to register new account 
17:20:29.151 [main] INFO  stepDefinitions.HomePageSteps - Verifying red asterisk sign for all mandatory fields 
17:24:56.806 [main] INFO  stepDefinitions.HomePageSteps - Clicked on My Account 
17:24:56.902 [main] INFO  stepDefinitions.HomePageSteps - Clicked to register new account 
17:24:56.905 [main] INFO  stepDefinitions.HomePageSteps - Verifying red asterisk sign for all mandatory fields 
17:26:11.658 [main] INFO  stepDefinitions.HomePageSteps - Clicked on My Account 
17:26:12.065 [main] INFO  stepDefinitions.HomePageSteps - Clicked to register new account 
17:26:12.069 [main] INFO  stepDefinitions.HomePageSteps - Verifying red asterisk sign for all mandatory fields 
17:26:12.240 [main] INFO  stepDefinitions.HomePageSteps - Red asterisk missing for First Name field 
22:06:53.269 [main] INFO  stepDefinitions.HomePageSteps - Clicked on My Account 
22:06:53.778 [main] INFO  stepDefinitions.HomePageSteps - Clicked to register new account 
22:06:53.782 [main] INFO  stepDefinitions.HomePageSteps - Verifying red asterisk sign for all mandatory fields 
22:06:53.944 [main] INFO  stepDefinitions.HomePageSteps - Red asterisk missing for First Name field 
22:10:07.495 [main] INFO  stepDefinitions.HomePageSteps - Clicked on My Account 
22:10:07.999 [main] INFO  stepDefinitions.HomePageSteps - Clicked to register new account 
22:10:08.004 [main] INFO  stepDefinitions.HomePageSteps - Verifying red asterisk sign for all mandatory fields 
22:10:08.136 [main] INFO  stepDefinitions.HomePageSteps - Red asterisk missing for First Name field 
22:14:25.757 [main] INFO  stepDefinitions.HomePageSteps - Clicked on My Account 
22:14:26.316 [main] INFO  stepDefinitions.HomePageSteps - Clicked to register new account 
22:14:26.319 [main] INFO  stepDefinitions.HomePageSteps - Verifying red asterisk sign for all mandatory fields 
22:14:31.684 [main] INFO  stepDefinitions.HomePageSteps - Red asterisk missing for First Name field 
22:17:46.975 [main] INFO  stepDefinitions.HomePageSteps - Clicked on My Account 
22:17:47.422 [main] INFO  stepDefinitions.HomePageSteps - Clicked to register new account 
22:17:47.428 [main] INFO  stepDefinitions.HomePageSteps - Verifying red asterisk sign for all mandatory fields 
22:17:47.659 [main] INFO  stepDefinitions.HomePageSteps - Red asterisk missing for First Name field 
22:33:51.654 [main] INFO  stepDefinitions.HomePageSteps - Clicked on My Account 
22:33:52.076 [main] INFO  stepDefinitions.HomePageSteps - Clicked to register new account 
22:33:52.081 [main] INFO  stepDefinitions.HomePageSteps - Verifying red asterisk sign for all mandatory fields 
22:33:52.327 [main] INFO  stepDefinitions.HomePageSteps - Red asterisk missing for First Name field 
22:38:07.348 [main] INFO  stepDefinitions.HomePageSteps - Clicked on My Account 
22:38:07.815 [main] INFO  stepDefinitions.HomePageSteps - Clicked to register new account 
22:38:07.820 [main] INFO  stepDefinitions.HomePageSteps - Verifying red asterisk sign for all mandatory fields 
22:38:07.960 [main] INFO  stepDefinitions.HomePageSteps - Red asterisk missing for First Name field 
22:42:11.193 [main] INFO  stepDefinitions.HomePageSteps - Clicked on My Account 
22:42:11.713 [main] INFO  stepDefinitions.HomePageSteps - Clicked to register new account 
22:42:11.720 [main] INFO  stepDefinitions.HomePageSteps - Verifying red asterisk sign for all mandatory fields 
22:42:11.914 [main] INFO  stepDefinitions.HomePageSteps - Red asterisk missing for First Name field 
22:46:06.426 [main] INFO  stepDefinitions.HomePageSteps - Clicked on My Account 
22:46:06.896 [main] INFO  stepDefinitions.HomePageSteps - Clicked to register new account 
22:46:06.901 [main] INFO  stepDefinitions.HomePageSteps - Verifying red asterisk sign for all mandatory fields 
22:46:07.085 [main] INFO  stepDefinitions.HomePageSteps - First Name
22:46:07.085 [main] INFO  stepDefinitions.HomePageSteps - Red asterisk missing for Last Name field 
23:13:51.382 [main] INFO  stepDefinitions.HomePageSteps - Clicked on My Account 
23:13:51.827 [main] INFO  stepDefinitions.HomePageSteps - Clicked to register new account 
23:13:51.831 [main] INFO  stepDefinitions.HomePageSteps - Verifying all available fields on page 
23:14:31.095 [main] INFO  stepDefinitions.HomePageSteps - Clicked on My Account 
23:14:31.558 [main] INFO  stepDefinitions.HomePageSteps - Clicked to register new account 
23:14:31.563 [main] INFO  stepDefinitions.HomePageSteps - Verifying all available fields on page 
23:15:03.555 [main] INFO  stepDefinitions.HomePageSteps - Clicked on My Account 
23:15:03.937 [main] INFO  stepDefinitions.HomePageSteps - Clicked to register new account 
23:15:03.942 [main] INFO  stepDefinitions.HomePageSteps - Verifying all available fields on page 
23:32:29.749 [main] INFO  stepDefinitions.HomePageSteps - Clicked on My Account 
23:32:30.153 [main] INFO  stepDefinitions.HomePageSteps - Clicked to register new account 
23:32:30.244 [main] INFO  stepDefinitions.HomePageSteps - Entered first name 
23:32:30.317 [main] INFO  stepDefinitions.HomePageSteps - Entered last name 
23:32:30.433 [main] INFO  stepDefinitions.HomePageSteps - Entered E-mail address 
23:32:30.537 [main] INFO  stepDefinitions.HomePageSteps - Entered Password 
23:32:33.967 [main] INFO  stepDefinitions.HomePageSteps - Clicked on My Account 
23:32:34.427 [main] INFO  stepDefinitions.HomePageSteps - Clicked to register new account 
23:32:34.527 [main] INFO  stepDefinitions.HomePageSteps - Entered first name 
23:32:34.613 [main] INFO  stepDefinitions.HomePageSteps - Entered last name 
23:32:34.700 [main] INFO  stepDefinitions.HomePageSteps - Entered E-mail address 
23:32:34.773 [main] INFO  stepDefinitions.HomePageSteps - Entered Password 
23:37:35.661 [main] INFO  stepDefinitions.HomePageSteps - Clicked on My Account 
23:37:36.069 [main] INFO  stepDefinitions.HomePageSteps - Clicked to register new account 
23:37:36.159 [main] INFO  stepDefinitions.HomePageSteps - Entered first name 
23:37:36.229 [main] INFO  stepDefinitions.HomePageSteps - Entered last name 
23:37:36.330 [main] INFO  stepDefinitions.HomePageSteps - Entered E-mail address 
23:37:36.465 [main] INFO  stepDefinitions.HomePageSteps - Entered Password 
23:37:36.466 [main] INFO  stepDefinitions.HomePageSteps - Subscribing to Newsletter 
23:37:40.801 [main] INFO  stepDefinitions.HomePageSteps - Clicked on My Account 
23:37:41.181 [main] INFO  stepDefinitions.HomePageSteps - Clicked to register new account 
23:37:41.263 [main] INFO  stepDefinitions.HomePageSteps - Entered first name 
23:37:41.346 [main] INFO  stepDefinitions.HomePageSteps - Entered last name 
23:37:41.431 [main] INFO  stepDefinitions.HomePageSteps - Entered E-mail address 
23:37:41.509 [main] INFO  stepDefinitions.HomePageSteps - Entered Password 
23:37:41.509 [main] INFO  stepDefinitions.HomePageSteps - Not subscribing to Newsletter 
23:50:21.136 [main] INFO  stepDefinitions.HomePageSteps - Clicked on My Account 
23:50:21.595 [main] INFO  stepDefinitions.HomePageSteps - Clicked to register new account 
23:50:21.680 [main] INFO  stepDefinitions.HomePageSteps - Entered first name 
23:50:21.751 [main] INFO  stepDefinitions.HomePageSteps - Entered last name 
23:50:21.867 [main] INFO  stepDefinitions.HomePageSteps - Subscribing to Newsletter 
23:50:35.481 [main] INFO  stepDefinitions.HomePageSteps - Clicked on My Account 
23:50:35.886 [main] INFO  stepDefinitions.HomePageSteps - Clicked to register new account 
23:50:35.970 [main] INFO  stepDefinitions.HomePageSteps - Entered first name 
23:50:36.048 [main] INFO  stepDefinitions.HomePageSteps - Entered last name 
23:50:36.132 [main] INFO  stepDefinitions.HomePageSteps - Not subscribing to Newsletter 
23:51:19.623 [main] INFO  stepDefinitions.HomePageSteps - Clicked on My Account 
23:51:20.113 [main] INFO  stepDefinitions.HomePageSteps - Clicked to register new account 
23:51:20.204 [main] INFO  stepDefinitions.HomePageSteps - Entered first name 
23:51:20.289 [main] INFO  stepDefinitions.HomePageSteps - Entered last name 
23:51:20.422 [main] INFO  stepDefinitions.HomePageSteps - Subscribing to Newsletter 
23:51:34.152 [main] INFO  stepDefinitions.HomePageSteps - Clicked on My Account 
23:51:34.569 [main] INFO  stepDefinitions.HomePageSteps - Clicked to register new account 
23:51:34.657 [main] INFO  stepDefinitions.HomePageSteps - Entered first name 
23:51:34.739 [main] INFO  stepDefinitions.HomePageSteps - Entered last name 
23:51:34.821 [main] INFO  stepDefinitions.HomePageSteps - Not subscribing to Newsletter 
23:55:55.188 [main] INFO  stepDefinitions.HomePageSteps - Clicked on My Account 
23:55:55.585 [main] INFO  stepDefinitions.HomePageSteps - Clicked to register new account 
23:55:55.680 [main] INFO  stepDefinitions.HomePageSteps - Entered first name 
23:55:55.785 [main] INFO  stepDefinitions.HomePageSteps - Entered last name 
23:55:55.894 [main] INFO  stepDefinitions.HomePageSteps - Subscribing to Newsletter 
23:55:56.160 [main] INFO  stepDefinitions.HomePageSteps - Entered Password 
23:55:56.333 [main] INFO  stepDefinitions.HomePageSteps - User information submitted 
23:55:56.991 [main] INFO  stepDefinitions.HomePageSteps - Validating expected message
23:55:56.996 [main] INFO  stepDefinitions.HomePageSteps - New account created successfully 
23:56:00.191 [main] INFO  stepDefinitions.HomePageSteps - Clicked on My Account 
23:56:00.659 [main] INFO  stepDefinitions.HomePageSteps - Clicked to register new account 
23:56:00.743 [main] INFO  stepDefinitions.HomePageSteps - Entered first name 
23:56:00.821 [main] INFO  stepDefinitions.HomePageSteps - Entered last name 
23:56:00.897 [main] INFO  stepDefinitions.HomePageSteps - Not subscribing to Newsletter 
23:56:01.013 [main] INFO  stepDefinitions.HomePageSteps - Entered Password 
23:56:01.127 [main] INFO  stepDefinitions.HomePageSteps - User information submitted 
23:56:02.081 [main] INFO  stepDefinitions.HomePageSteps - Validating expected message
23:56:02.081 [main] INFO  stepDefinitions.HomePageSteps - New account created successfully 
23:31:47.149 [main] INFO  stepDefinitions.HomePageSteps - Clicked on My Account 
23:31:47.515 [main] INFO  stepDefinitions.HomePageSteps - Clicked to register new account 
23:31:47.595 [main] INFO  stepDefinitions.HomePageSteps - Entered first name 
23:31:47.653 [main] INFO  stepDefinitions.HomePageSteps - Entered last name 
23:31:47.737 [main] INFO  stepDefinitions.HomePageSteps - Entered E-mail address 
23:31:47.803 [main] INFO  stepDefinitions.HomePageSteps - Entered Password 
23:31:47.911 [main] INFO  stepDefinitions.HomePageSteps - User information submitted 
23:31:47.947 [main] INFO  stepDefinitions.HomePageSteps - Validation message present for duplicate email 
23:32:09.325 [main] INFO  stepDefinitions.HomePageSteps - Clicked on My Account 
23:32:09.632 [main] INFO  stepDefinitions.HomePageSteps - Clicked to register new account 
23:32:09.707 [main] INFO  stepDefinitions.HomePageSteps - Entered first name 
23:32:09.763 [main] INFO  stepDefinitions.HomePageSteps - Entered last name 
23:32:09.833 [main] INFO  stepDefinitions.HomePageSteps - Entered E-mail address 
23:32:09.895 [main] INFO  stepDefinitions.HomePageSteps - Entered Password 
23:32:10.008 [main] INFO  stepDefinitions.HomePageSteps - User information submitted 
23:32:10.044 [main] INFO  stepDefinitions.HomePageSteps - Validation message present for duplicate email 
23:33:27.877 [main] INFO  stepDefinitions.HomePageSteps - Clicked on My Account 
23:33:28.210 [main] INFO  stepDefinitions.HomePageSteps - Clicked to register new account 
23:33:28.295 [main] INFO  stepDefinitions.HomePageSteps - Entered first name 
23:33:28.346 [main] INFO  stepDefinitions.HomePageSteps - Entered last name 
23:33:28.423 [main] INFO  stepDefinitions.HomePageSteps - Entered E-mail address 
23:33:28.483 [main] INFO  stepDefinitions.HomePageSteps - Entered Password 
23:33:28.595 [main] INFO  stepDefinitions.HomePageSteps - User information submitted 
23:33:31.633 [main] INFO  stepDefinitions.HomePageSteps - Validation message present for duplicate email 
23:48:40.792 [main] INFO  stepDefinitions.HomePageSteps - Clicked on My Account 
23:48:41.125 [main] INFO  stepDefinitions.HomePageSteps - Clicked to register new account 
23:48:41.218 [main] INFO  stepDefinitions.HomePageSteps - Entered first name 
23:48:41.282 [main] INFO  stepDefinitions.HomePageSteps - Entered last name 
23:48:41.350 [main] INFO  stepDefinitions.HomePageSteps - Entered E-mail address 
23:48:41.406 [main] INFO  stepDefinitions.HomePageSteps - Entered Password 
23:48:41.521 [main] INFO  stepDefinitions.HomePageSteps - User information submitted 
23:48:42.105 [main] INFO  stepDefinitions.HomePageSteps - Validation message exists for incorrect email address 
00:34:49.729 [main] INFO  stepDefinitions.HomePageSteps - Clicked on My Account 
00:34:50.097 [main] INFO  stepDefinitions.HomePageSteps - Clicked to register new account 
00:34:50.101 [main] INFO  stepDefinitions.HomePageSteps - Placeholder available for First Name field 
00:34:50.145 [main] INFO  stepDefinitions.HomePageSteps - Placeholder available for Last Name field 
00:34:50.176 [main] INFO  stepDefinitions.HomePageSteps - Placeholder available for E-mail field 
00:35:35.621 [main] INFO  stepDefinitions.HomePageSteps - Clicked on My Account 
00:35:35.942 [main] INFO  stepDefinitions.HomePageSteps - Clicked to register new account 
00:35:35.946 [main] INFO  stepDefinitions.HomePageSteps - Placeholder available for First Name field 
00:35:36.001 [main] INFO  stepDefinitions.HomePageSteps - Placeholder available for Last Name field 
00:35:36.035 [main] INFO  stepDefinitions.HomePageSteps - Placeholder available for E-mail field 
00:35:36.064 [main] INFO  stepDefinitions.HomePageSteps - Placeholder available for Password field 
00:38:48.014 [main] INFO  stepDefinitions.HomePageSteps - Clicked on My Account 
00:38:48.333 [main] INFO  stepDefinitions.HomePageSteps - Clicked to register new account 
00:38:48.424 [main] INFO  stepDefinitions.HomePageSteps - Entered first name 
00:38:48.488 [main] INFO  stepDefinitions.HomePageSteps - Entered last name 
00:38:48.568 [main] INFO  stepDefinitions.HomePageSteps - Entered E-mail address 
00:38:48.631 [main] INFO  stepDefinitions.HomePageSteps - Entered Password 
00:38:48.739 [main] INFO  stepDefinitions.HomePageSteps - User information submitted 
00:38:49.151 [main] INFO  stepDefinitions.HomePageSteps - Validating expected message
00:38:49.153 [main] INFO  stepDefinitions.HomePageSteps - New account created successfully 
00:38:50.930 [main] INFO  stepDefinitions.HomePageSteps - Clicked on My Account 
00:38:50.997 [main] INFO  stepDefinitions.HomePageSteps - Clicked to register new account 
00:38:50.998 [main] INFO  stepDefinitions.HomePageSteps - Verifying all available fields on page 
00:39:03.243 [main] INFO  stepDefinitions.HomePageSteps - Clicked on My Account 
00:39:03.555 [main] INFO  stepDefinitions.HomePageSteps - Clicked to register new account 
00:39:03.611 [main] INFO  stepDefinitions.HomePageSteps - User information submitted 
00:39:03.611 [main] INFO  stepDefinitions.HomePageSteps - Verifying validation messages for mandatory conditions 
00:39:04.274 [main] INFO  stepDefinitions.HomePageSteps - Validation message exists for First Name field 
00:39:04.274 [main] INFO  stepDefinitions.HomePageSteps - Validation message exists for Last Name field 
00:39:04.274 [main] INFO  stepDefinitions.HomePageSteps - Validation message exists for E-mail field 
00:39:04.275 [main] INFO  stepDefinitions.HomePageSteps - Validation message exists for Password field 
00:39:04.275 [main] INFO  stepDefinitions.HomePageSteps - Validation message popped up for Privacy Policy checkbox 
00:39:06.094 [main] INFO  stepDefinitions.HomePageSteps - Clicked on My Account 
00:39:06.411 [main] INFO  stepDefinitions.HomePageSteps - Clicked to register new account 
00:39:06.483 [main] INFO  stepDefinitions.HomePageSteps - Entered first name 
00:39:06.548 [main] INFO  stepDefinitions.HomePageSteps - Entered last name 
00:39:06.621 [main] INFO  stepDefinitions.HomePageSteps - Subscribing to Newsletter 
00:39:06.722 [main] INFO  stepDefinitions.HomePageSteps - Entered Password 
00:39:06.805 [main] INFO  stepDefinitions.HomePageSteps - User information submitted 
00:39:16.817 [main] INFO  stepDefinitions.HomePageSteps - Validating expected message
00:39:18.736 [main] INFO  stepDefinitions.HomePageSteps - Clicked on My Account 
00:39:19.068 [main] INFO  stepDefinitions.HomePageSteps - Clicked to register new account 
00:39:19.144 [main] INFO  stepDefinitions.HomePageSteps - Entered first name 
00:39:19.208 [main] INFO  stepDefinitions.HomePageSteps - Entered last name 
00:39:19.278 [main] INFO  stepDefinitions.HomePageSteps - Not subscribing to Newsletter 
00:39:19.372 [main] INFO  stepDefinitions.HomePageSteps - Entered Password 
00:39:19.460 [main] INFO  stepDefinitions.HomePageSteps - User information submitted 
00:39:19.862 [main] INFO  stepDefinitions.HomePageSteps - Validating expected message
00:39:19.863 [main] INFO  stepDefinitions.HomePageSteps - New account created successfully 
00:39:21.668 [main] INFO  stepDefinitions.HomePageSteps - Clicked on My Account 
00:39:21.734 [main] INFO  stepDefinitions.HomePageSteps - Clicked to register new account 
00:39:33.765 [main] INFO  stepDefinitions.HomePageSteps - Clicked on My Account 
00:39:34.073 [main] INFO  stepDefinitions.HomePageSteps - Clicked to register new account 
00:39:34.148 [main] INFO  stepDefinitions.HomePageSteps - Entered first name 
00:39:34.204 [main] INFO  stepDefinitions.HomePageSteps - Entered last name 
00:39:34.268 [main] INFO  stepDefinitions.HomePageSteps - Entered E-mail address 
00:39:34.330 [main] INFO  stepDefinitions.HomePageSteps - Entered Password 
00:39:34.427 [main] INFO  stepDefinitions.HomePageSteps - User information submitted 
00:39:35.001 [main] INFO  stepDefinitions.HomePageSteps - Validation message exists for incorrect email address 
00:39:36.768 [main] INFO  stepDefinitions.HomePageSteps - Clicked on My Account 
00:39:37.061 [main] INFO  stepDefinitions.HomePageSteps - Clicked to register new account 
00:39:37.062 [main] INFO  stepDefinitions.HomePageSteps - Placeholder available for First Name field 
00:39:37.099 [main] INFO  stepDefinitions.HomePageSteps - Placeholder available for Last Name field 
00:39:37.125 [main] INFO  stepDefinitions.HomePageSteps - Placeholder available for E-mail field 
00:39:37.149 [main] INFO  stepDefinitions.HomePageSteps - Placeholder available for Password field 
00:56:59.204 [main] INFO  stepDefinitions.HomePageSteps - Clicked on My Account 
00:56:59.527 [main] INFO  stepDefinitions.HomePageSteps - Clicked to register new account 
00:56:59.609 [main] INFO  stepDefinitions.HomePageSteps - Entered first name 
00:56:59.680 [main] INFO  stepDefinitions.HomePageSteps - Entered last name 
00:56:59.757 [main] INFO  stepDefinitions.HomePageSteps - Entered E-mail address 
00:56:59.819 [main] INFO  stepDefinitions.HomePageSteps - Entered Password 
00:56:59.934 [main] INFO  stepDefinitions.HomePageSteps - User information submitted 
00:57:00.350 [main] INFO  stepDefinitions.HomePageSteps - Validating expected message
00:57:00.351 [main] INFO  stepDefinitions.HomePageSteps - New account created successfully 
00:57:00.390 [main] INFO  stepDefinitions.HomePageSteps - Clicked on My Account 
00:57:00.392 [main] INFO  stepDefinitions.HomePageSteps - Successfully logged out 
00:57:02.555 [main] INFO  stepDefinitions.HomePageSteps - Clicked on My Account 
00:57:02.876 [main] INFO  stepDefinitions.HomePageSteps - Clicked to register new account 
00:57:02.878 [main] INFO  stepDefinitions.HomePageSteps - Verifying all available fields on page 
00:57:04.959 [main] INFO  stepDefinitions.HomePageSteps - Clicked on My Account 
00:57:05.252 [main] INFO  stepDefinitions.HomePageSteps - Clicked to register new account 
00:57:05.309 [main] INFO  stepDefinitions.HomePageSteps - User information submitted 
00:57:05.309 [main] INFO  stepDefinitions.HomePageSteps - Verifying validation messages for mandatory conditions 
00:57:05.988 [main] INFO  stepDefinitions.HomePageSteps - Validation message exists for First Name field 
00:57:05.988 [main] INFO  stepDefinitions.HomePageSteps - Validation message exists for Last Name field 
00:57:05.988 [main] INFO  stepDefinitions.HomePageSteps - Validation message exists for E-mail field 
00:57:05.988 [main] INFO  stepDefinitions.HomePageSteps - Validation message exists for Password field 
00:57:05.989 [main] INFO  stepDefinitions.HomePageSteps - Validation message popped up for Privacy Policy checkbox 
00:57:07.832 [main] INFO  stepDefinitions.HomePageSteps - Clicked on My Account 
00:57:08.149 [main] INFO  stepDefinitions.HomePageSteps - Clicked to register new account 
00:57:08.229 [main] INFO  stepDefinitions.HomePageSteps - Entered first name 
00:57:08.294 [main] INFO  stepDefinitions.HomePageSteps - Entered last name 
00:57:08.359 [main] INFO  stepDefinitions.HomePageSteps - Subscribing to Newsletter 
00:57:08.460 [main] INFO  stepDefinitions.HomePageSteps - Entered Password 
00:57:08.550 [main] INFO  stepDefinitions.HomePageSteps - User information submitted 
00:57:08.960 [main] INFO  stepDefinitions.HomePageSteps - Validating expected message
00:57:08.961 [main] INFO  stepDefinitions.HomePageSteps - New account created successfully 
00:57:09.004 [main] INFO  stepDefinitions.HomePageSteps - Clicked on My Account 
00:57:09.005 [main] INFO  stepDefinitions.HomePageSteps - Successfully logged out 
00:57:11.156 [main] INFO  stepDefinitions.HomePageSteps - Clicked on My Account 
00:57:11.503 [main] INFO  stepDefinitions.HomePageSteps - Clicked to register new account 
00:57:11.581 [main] INFO  stepDefinitions.HomePageSteps - Entered first name 
00:57:11.647 [main] INFO  stepDefinitions.HomePageSteps - Entered last name 
00:57:11.724 [main] INFO  stepDefinitions.HomePageSteps - Not subscribing to Newsletter 
00:57:11.826 [main] INFO  stepDefinitions.HomePageSteps - Entered Password 
00:57:11.904 [main] INFO  stepDefinitions.HomePageSteps - User information submitted 
00:57:12.344 [main] INFO  stepDefinitions.HomePageSteps - Validating expected message
00:57:12.344 [main] INFO  stepDefinitions.HomePageSteps - New account created successfully 
00:57:12.386 [main] INFO  stepDefinitions.HomePageSteps - Clicked on My Account 
00:57:12.387 [main] INFO  stepDefinitions.HomePageSteps - Successfully logged out 
00:57:14.650 [main] INFO  stepDefinitions.HomePageSteps - Clicked on My Account 
00:57:14.991 [main] INFO  stepDefinitions.HomePageSteps - Clicked to register new account 
00:57:15.074 [main] INFO  stepDefinitions.HomePageSteps - Entered first name 
00:57:15.149 [main] INFO  stepDefinitions.HomePageSteps - Entered last name 
00:57:15.226 [main] INFO  stepDefinitions.HomePageSteps - Entered E-mail address 
00:57:15.281 [main] INFO  stepDefinitions.HomePageSteps - Entered Password 
00:57:15.371 [main] INFO  stepDefinitions.HomePageSteps - User information submitted 
00:57:15.406 [main] INFO  stepDefinitions.HomePageSteps - Validation message present for duplicate email 
00:57:17.303 [main] INFO  stepDefinitions.HomePageSteps - Clicked on My Account 
00:57:17.597 [main] INFO  stepDefinitions.HomePageSteps - Clicked to register new account 
00:57:17.669 [main] INFO  stepDefinitions.HomePageSteps - Entered first name 
00:57:17.728 [main] INFO  stepDefinitions.HomePageSteps - Entered last name 
00:57:17.799 [main] INFO  stepDefinitions.HomePageSteps - Entered E-mail address 
00:57:17.858 [main] INFO  stepDefinitions.HomePageSteps - Entered Password 
00:57:17.937 [main] INFO  stepDefinitions.HomePageSteps - User information submitted 
00:57:18.504 [main] INFO  stepDefinitions.HomePageSteps - Validation message exists for incorrect email address 
00:57:20.392 [main] INFO  stepDefinitions.HomePageSteps - Clicked on My Account 
00:57:20.691 [main] INFO  stepDefinitions.HomePageSteps - Clicked to register new account 
00:57:20.693 [main] INFO  stepDefinitions.HomePageSteps - Placeholder available for First Name field 
00:57:20.727 [main] INFO  stepDefinitions.HomePageSteps - Placeholder available for Last Name field 
00:57:20.756 [main] INFO  stepDefinitions.HomePageSteps - Placeholder available for E-mail field 
00:57:20.784 [main] INFO  stepDefinitions.HomePageSteps - Placeholder available for Password field 
01:31:27.471 [main] INFO  stepDefinitions.HomePageSteps - Clicked on My Account 
01:31:27.930 [main] INFO  stepDefinitions.HomePageSteps - Clicked on Login 
01:31:28.043 [main] INFO  stepDefinitions.HomePageSteps - Provided Email 
01:31:28.182 [main] INFO  stepDefinitions.HomePageSteps - Provided Password 
01:31:28.286 [main] INFO  stepDefinitions.HomePageSteps - Clicked on Login button
01:31:35.766 [main] INFO  stepDefinitions.HomePageSteps - Clicked on My Account 
01:31:36.177 [main] INFO  stepDefinitions.HomePageSteps - Clicked on Login 
01:31:36.276 [main] INFO  stepDefinitions.HomePageSteps - Provided Email 
01:31:36.347 [main] INFO  stepDefinitions.HomePageSteps - Provided Password 
01:31:36.403 [main] INFO  stepDefinitions.HomePageSteps - Clicked on Login button
01:31:44.647 [main] INFO  stepDefinitions.HomePageSteps - Clicked on My Account 
01:31:45.057 [main] INFO  stepDefinitions.HomePageSteps - Clicked on Login 
01:31:45.143 [main] INFO  stepDefinitions.HomePageSteps - Provided Email 
01:31:45.221 [main] INFO  stepDefinitions.HomePageSteps - Provided Password 
01:31:45.282 [main] INFO  stepDefinitions.HomePageSteps - Clicked on Login button
01:32:46.013 [main] INFO  stepDefinitions.HomePageSteps - Clicked on My Account 
01:32:46.307 [main] INFO  stepDefinitions.HomePageSteps - Clicked on Login 
01:32:46.407 [main] INFO  stepDefinitions.HomePageSteps - Provided Email 
01:32:46.479 [main] INFO  stepDefinitions.HomePageSteps - Provided Password 
01:32:46.615 [main] INFO  stepDefinitions.HomePageSteps - Clicked on Login button
01:36:27.847 [main] INFO  stepDefinitions.HomePageSteps - Clicked on My Account 
01:36:28.221 [main] INFO  stepDefinitions.HomePageSteps - Clicked on Login 
01:36:28.333 [main] INFO  stepDefinitions.HomePageSteps - Provided Email 
01:36:28.411 [main] INFO  stepDefinitions.HomePageSteps - Provided Password 
01:36:28.466 [main] INFO  stepDefinitions.HomePageSteps - Clicked on Login button
01:36:28.728 [main] INFO  stepDefinitions.HomePageSteps - Validation exists for invalid credentials
01:36:31.930 [main] INFO  stepDefinitions.HomePageSteps - Clicked on My Account 
01:36:32.308 [main] INFO  stepDefinitions.HomePageSteps - Clicked on Login 
01:36:32.395 [main] INFO  stepDefinitions.HomePageSteps - Provided Email 
01:36:32.472 [main] INFO  stepDefinitions.HomePageSteps - Provided Password 
01:36:32.531 [main] INFO  stepDefinitions.HomePageSteps - Clicked on Login button
01:36:32.709 [main] INFO  stepDefinitions.HomePageSteps - Validation exists for invalid credentials
01:37:58.496 [main] INFO  stepDefinitions.HomePageSteps - Clicked on My Account 
01:37:58.567 [main] INFO  stepDefinitions.HomePageSteps - Clicked on Login 
01:38:22.812 [main] INFO  stepDefinitions.HomePageSteps - Clicked on My Account 
01:38:22.885 [main] INFO  stepDefinitions.HomePageSteps - Clicked on Login 
01:38:35.936 [main] INFO  stepDefinitions.HomePageSteps - Clicked on My Account 
01:38:36.257 [main] INFO  stepDefinitions.HomePageSteps - Clicked on Login 
01:38:36.385 [main] INFO  stepDefinitions.HomePageSteps - Provided Email 
01:38:36.460 [main] INFO  stepDefinitions.HomePageSteps - Provided Password 
01:38:36.518 [main] INFO  stepDefinitions.HomePageSteps - Clicked on Login button
01:38:36.787 [main] INFO  stepDefinitions.HomePageSteps - Validation exists for invalid credentials
01:38:39.807 [main] INFO  stepDefinitions.HomePageSteps - Clicked on My Account 
01:38:40.142 [main] INFO  stepDefinitions.HomePageSteps - Clicked on Login 
01:38:40.236 [main] INFO  stepDefinitions.HomePageSteps - Provided Email 
01:38:40.313 [main] INFO  stepDefinitions.HomePageSteps - Provided Password 
01:38:40.370 [main] INFO  stepDefinitions.HomePageSteps - Clicked on Login button
01:38:40.550 [main] INFO  stepDefinitions.HomePageSteps - Validation exists for invalid credentials
01:39:38.893 [main] INFO  stepDefinitions.HomePageSteps - Clicked on My Account 
01:39:39.218 [main] INFO  stepDefinitions.HomePageSteps - Clicked on Login 
01:39:39.314 [main] INFO  stepDefinitions.HomePageSteps - Provided Email 
01:39:39.429 [main] INFO  stepDefinitions.HomePageSteps - Provided Password 
01:39:39.525 [main] INFO  stepDefinitions.HomePageSteps - Clicked on Login button
01:39:39.788 [main] INFO  stepDefinitions.HomePageSteps - Validation exists for invalid credentials
01:39:42.962 [main] INFO  stepDefinitions.HomePageSteps - Clicked on My Account 
01:39:43.326 [main] INFO  stepDefinitions.HomePageSteps - Clicked on Login 
01:39:43.421 [main] INFO  stepDefinitions.HomePageSteps - Provided Email 
01:39:43.499 [main] INFO  stepDefinitions.HomePageSteps - Provided Password 
01:39:43.556 [main] INFO  stepDefinitions.HomePageSteps - Clicked on Login button
01:39:43.740 [main] INFO  stepDefinitions.HomePageSteps - Validation exists for invalid credentials
01:39:46.655 [main] INFO  stepDefinitions.HomePageSteps - Clicked on My Account 
01:39:47.076 [main] INFO  stepDefinitions.HomePageSteps - Clicked on Login 
01:39:47.173 [main] INFO  stepDefinitions.HomePageSteps - Provided Email 
01:39:47.255 [main] INFO  stepDefinitions.HomePageSteps - Provided Password 
01:39:47.311 [main] INFO  stepDefinitions.HomePageSteps - Clicked on Login button
01:39:47.485 [main] INFO  stepDefinitions.HomePageSteps - Validation exists for invalid credentials
21:32:33.471 [main] INFO  stepDefinitions.HomePageSteps - Clicked on My Account 
21:32:33.790 [main] INFO  stepDefinitions.HomePageSteps - Clicked on Login 
21:32:33.892 [main] INFO  stepDefinitions.HomePageSteps - Provided Email 
21:32:33.965 [main] INFO  stepDefinitions.HomePageSteps - Provided Password 
21:32:34.014 [main] INFO  stepDefinitions.HomePageSteps - Clicked on Login button
21:32:34.330 [main] INFO  stepDefinitions.HomePageSteps - Login Success 
21:32:34.578 [main] INFO  stepDefinitions.HomePageSteps - Login Success 
21:33:31.102 [main] INFO  stepDefinitions.HomePageSteps - Clicked on My Account 
21:33:31.423 [main] INFO  stepDefinitions.HomePageSteps - Clicked on Login 
21:33:31.512 [main] INFO  stepDefinitions.HomePageSteps - Provided Email 
21:33:31.579 [main] INFO  stepDefinitions.HomePageSteps - Provided Password 
21:33:31.628 [main] INFO  stepDefinitions.HomePageSteps - Clicked on Login button
21:33:31.993 [main] INFO  stepDefinitions.HomePageSteps - Login Success 
21:33:31.996 [main] INFO  stepDefinitions.HomePageSteps - Navigating to previous page with browser back button 
21:33:32.243 [main] INFO  stepDefinitions.HomePageSteps - Login Success 
23:42:43.079 [main] INFO  stepDefinitions.HomePageSteps - Entered search keyword as mac 
23:46:41.112 [main] INFO  stepDefinitions.HomePageSteps - Entered search keyword as mac 
23:46:41.203 [main] INFO  stepDefinitions.HomePageSteps - Clicked on search icon 
23:46:42.128 [main] INFO  stepDefinitions.HomePageSteps - Correct search page displays 
23:46:42.244 [main] INFO  stepDefinitions.HomePageSteps - Total products found: 4.
23:52:03.067 [main] INFO  stepDefinitions.HomePageSteps - Entered search keyword as mac 
23:52:03.183 [main] INFO  stepDefinitions.HomePageSteps - Clicked on search icon 
23:52:04.090 [main] INFO  stepDefinitions.HomePageSteps - Correct search page displays 
23:52:04.102 [main] INFO  stepDefinitions.HomePageSteps - Search keyword mac present in page title. 
23:52:04.206 [main] INFO  stepDefinitions.HomePageSteps - Total products found: 4.
23:53:45.042 [main] INFO  stepDefinitions.HomePageSteps - Entered search keyword as air 
23:53:45.136 [main] INFO  stepDefinitions.HomePageSteps - Clicked on search icon 
23:53:45.927 [main] INFO  stepDefinitions.HomePageSteps - Correct search page displays 
23:53:45.937 [main] INFO  stepDefinitions.HomePageSteps - Search keyword air present in page title. 
