21:58:30.339 [main] INFO  stepDefinitions.HomePageSteps - Storing featured products
21:59:38.152 [main] INFO  stepDefinitions.HomePageSteps - Storing featured section
21:59:38.225 [main] INFO  stepDefinitions.HomePageSteps - Storing featured products
21:59:38.311 [main] INFO  stepDefinitions.HomePageSteps - Clicking on first featured product
22:11:58.281 [main] INFO  stepDefinitions.HomePageSteps - Storing featured section
22:11:58.371 [main] INFO  stepDefinitions.HomePageSteps - Storing featured products
22:11:58.468 [main] INFO  stepDefinitions.HomePageSteps - Clicking on first featured product
22:19:21.530 [main] INFO  stepDefinitions.HomePageSteps - Storing featured section
22:19:21.609 [main] INFO  stepDefinitions.HomePageSteps - Storing featured products
22:19:21.692 [main] INFO  stepDefinitions.HomePageSteps - Clicking on first featured product
22:19:22.607 [main] INFO  stepDefinitions.HomePageSteps - User has redirected to incorrect page.
22:22:30.580 [main] INFO  stepDefinitions.HomePageSteps - Storing featured section
22:22:30.668 [main] INFO  stepDefinitions.HomePageSteps - Storing featured products
22:22:30.768 [main] INFO  stepDefinitions.HomePageSteps - Clicking on first featured product
22:22:31.690 [main] INFO  stepDefinitions.HomePageSteps - User has redirected to incorrect page.MacBook
22:23:35.684 [main] INFO  stepDefinitions.HomePageSteps - Storing featured section
22:23:35.768 [main] INFO  stepDefinitions.HomePageSteps - Storing featured products
22:23:35.866 [main] INFO  stepDefinitions.HomePageSteps - Clicking on first featured product
22:23:36.805 [main] INFO  stepDefinitions.HomePageSteps - User has redirected to incorrect page. Browser title assertion: MacBook
22:26:34.453 [main] INFO  stepDefinitions.HomePageSteps - Storing featured section
22:26:34.530 [main] INFO  stepDefinitions.HomePageSteps - Storing featured products
22:26:34.627 [main] INFO  stepDefinitions.HomePageSteps - Clicking on first featured product
22:26:35.746 [main] INFO  stepDefinitions.HomePageSteps - User has redirected to correct page.
22:26:35.780 [main] INFO  stepDefinitions.HomePageSteps - User is viewing correct product details.
22:31:14.186 [main] INFO  stepDefinitions.HomePageSteps - Storing featured section
22:31:14.266 [main] INFO  stepDefinitions.HomePageSteps - Storing featured products
22:31:14.347 [main] INFO  stepDefinitions.HomePageSteps - Clicking on first featured product
22:31:15.317 [main] INFO  stepDefinitions.HomePageSteps - User has redirected to correct page.
22:31:15.350 [main] INFO  stepDefinitions.HomePageSteps - User is viewing correct product details.
22:31:15.389 [main] INFO  stepDefinitions.HomePageSteps - Page is showing image of selected product. 
23:00:29.835 [main] INFO  stepDefinitions.HomePageSteps - Clicking on Cameras menu--> 
23:08:13.294 [main] INFO  stepDefinitions.HomePageSteps - Clicking on Cameras menu--> 
23:17:56.022 [main] INFO  stepDefinitions.HomePageSteps - Clicking on Cameras menu--> 
23:17:57.112 [main] INFO  stepDefinitions.HomePageSteps - User is viewing correct product details.
23:17:57.162 [main] INFO  stepDefinitions.HomePageSteps - Page is showing image of selected product. 
23:22:29.275 [main] INFO  stepDefinitions.HomePageSteps - Clicking on Cameras menu--> 
23:22:30.447 [main] INFO  stepDefinitions.HomePageSteps - User is viewing correct product details.
23:22:30.521 [main] INFO  stepDefinitions.HomePageSteps - Page is showing image of selected product. 
23:23:16.288 [main] INFO  stepDefinitions.HomePageSteps - Clicking on Cameras menu--> 
23:23:17.293 [main] INFO  stepDefinitions.HomePageSteps - User is viewing correct product details.
23:23:17.371 [main] INFO  stepDefinitions.HomePageSteps - Page is showing image of selected product. 
14:34:16.135 [main] INFO  stepDefinitions.HomePageSteps - Clicking on Cameras menu--> 
14:34:16.978 [main] INFO  stepDefinitions.HomePageSteps - User is viewing correct product details.
14:34:17.012 [main] INFO  stepDefinitions.HomePageSteps - Page is showing image of selected product. 
14:36:42.393 [main] INFO  stepDefinitions.HomePageSteps - Clicking on Cameras menu--> 
14:36:43.140 [main] INFO  stepDefinitions.HomePageSteps - User is viewing correct product details.
14:36:43.178 [main] INFO  stepDefinitions.HomePageSteps - Page is showing image of selected product. 
15:18:59.652 [main] INFO  stepDefinitions.HomePageSteps - Clicking on Cameras menu--> 
15:19:00.550 [main] INFO  stepDefinitions.HomePageSteps - User is viewing correct product details.
15:19:00.594 [main] INFO  stepDefinitions.HomePageSteps - Page is showing image of selected product. 
15:19:58.597 [main] INFO  stepDefinitions.HomePageSteps - Clicking on Cameras menu--> 
15:19:59.318 [main] INFO  stepDefinitions.HomePageSteps - User is viewing correct product details.
15:19:59.366 [main] INFO  stepDefinitions.HomePageSteps - Page is showing image of selected product. 
15:23:47.750 [main] INFO  stepDefinitions.HomePageSteps - Clicking on Cameras menu--> 
15:23:48.485 [main] INFO  stepDefinitions.HomePageSteps - User is viewing correct product details.
15:23:48.522 [main] INFO  stepDefinitions.HomePageSteps - Page is showing image of selected product. 
15:36:24.281 [main] INFO  stepDefinitions.HomePageSteps - Clicking on Cameras menu--> 
15:36:25.452 [main] INFO  stepDefinitions.HomePageSteps - User is viewing correct product details.
15:36:25.531 [main] INFO  stepDefinitions.HomePageSteps - Page is showing image of selected product. 
15:36:25.699 [main] INFO  stepDefinitions.HomePageSteps - Image displayed.
22:57:35.669 [main] INFO  stepDefinitions.HomePageSteps - Clicking on Cameras menu--> 
22:57:36.892 [main] INFO  stepDefinitions.HomePageSteps - User is viewing correct product details.
22:57:36.959 [main] INFO  stepDefinitions.HomePageSteps - Page is showing image of selected product. 
22:57:37.128 [main] INFO  stepDefinitions.HomePageSteps - Image displayed.
22:57:37.226 [main] INFO  stepDefinitions.HomePageSteps - Image displayed.
22:57:37.494 [main] INFO  stepDefinitions.HomePageSteps - Image displayed.
22:57:37.675 [main] INFO  stepDefinitions.HomePageSteps - Image displayed.
22:57:37.890 [main] INFO  stepDefinitions.HomePageSteps - Image displayed.
22:57:38.092 [main] INFO  stepDefinitions.HomePageSteps - Image displayed.
22:57:38.290 [main] INFO  stepDefinitions.HomePageSteps - Image displayed.
22:57:38.489 [main] INFO  stepDefinitions.HomePageSteps - Image displayed.
22:57:38.687 [main] INFO  stepDefinitions.HomePageSteps - Image displayed.
22:57:38.887 [main] INFO  stepDefinitions.HomePageSteps - Image displayed.
22:57:39.091 [main] INFO  stepDefinitions.HomePageSteps - Image displayed.
22:57:39.260 [main] INFO  stepDefinitions.HomePageSteps - Image displayed.
22:57:39.412 [main] INFO  stepDefinitions.HomePageSteps - Image displayed.
22:57:39.533 [main] INFO  stepDefinitions.HomePageSteps - Image displayed.
22:57:39.735 [main] INFO  stepDefinitions.HomePageSteps - Image displayed.
22:57:39.927 [main] INFO  stepDefinitions.HomePageSteps - Image displayed.
22:57:40.042 [main] INFO  stepDefinitions.HomePageSteps - Image displayed.
22:57:40.137 [main] INFO  stepDefinitions.HomePageSteps - Image displayed.
22:57:40.238 [main] INFO  stepDefinitions.HomePageSteps - Image displayed.
22:57:40.338 [main] INFO  stepDefinitions.HomePageSteps - Image displayed.
22:57:40.441 [main] INFO  stepDefinitions.HomePageSteps - Image displayed.
22:57:40.533 [main] INFO  stepDefinitions.HomePageSteps - Image displayed.
22:57:40.631 [main] INFO  stepDefinitions.HomePageSteps - Image displayed.
22:57:40.732 [main] INFO  stepDefinitions.HomePageSteps - Image displayed.
22:57:40.831 [main] INFO  stepDefinitions.HomePageSteps - Image displayed.
22:57:40.928 [main] INFO  stepDefinitions.HomePageSteps - Image displayed.
22:57:41.022 [main] INFO  stepDefinitions.HomePageSteps - Image displayed.
22:57:41.126 [main] INFO  stepDefinitions.HomePageSteps - Image displayed.
22:57:41.240 [main] INFO  stepDefinitions.HomePageSteps - Image displayed.
22:57:41.422 [main] INFO  stepDefinitions.HomePageSteps - Image displayed.
22:57:41.533 [main] INFO  stepDefinitions.HomePageSteps - Image displayed.
22:57:41.631 [main] INFO  stepDefinitions.HomePageSteps - Image displayed.
22:57:41.727 [main] INFO  stepDefinitions.HomePageSteps - Image displayed.
22:57:41.829 [main] INFO  stepDefinitions.HomePageSteps - Image displayed.
22:57:41.932 [main] INFO  stepDefinitions.HomePageSteps - Image displayed.
22:57:42.047 [main] INFO  stepDefinitions.HomePageSteps - Image displayed.
22:57:42.143 [main] INFO  stepDefinitions.HomePageSteps - Image displayed.
22:57:42.240 [main] INFO  stepDefinitions.HomePageSteps - Image displayed.
22:57:42.343 [main] INFO  stepDefinitions.HomePageSteps - Image displayed.
22:57:42.435 [main] INFO  stepDefinitions.HomePageSteps - Image displayed.
22:57:42.525 [main] INFO  stepDefinitions.HomePageSteps - Image displayed.
22:57:42.615 [main] INFO  stepDefinitions.HomePageSteps - Image displayed.
22:57:42.716 [main] INFO  stepDefinitions.HomePageSteps - Image displayed.
22:57:42.812 [main] INFO  stepDefinitions.HomePageSteps - Image displayed.
22:57:42.909 [main] INFO  stepDefinitions.HomePageSteps - Image displayed.
22:57:43.010 [main] INFO  stepDefinitions.HomePageSteps - Image displayed.
22:57:43.104 [main] INFO  stepDefinitions.HomePageSteps - Image displayed.
22:57:43.205 [main] INFO  stepDefinitions.HomePageSteps - Image displayed.
22:57:43.305 [main] INFO  stepDefinitions.HomePageSteps - Image displayed.
22:57:43.403 [main] INFO  stepDefinitions.HomePageSteps - Image displayed.
22:57:43.508 [main] INFO  stepDefinitions.HomePageSteps - Image displayed.
22:57:43.692 [main] INFO  stepDefinitions.HomePageSteps - Image displayed.
22:57:43.813 [main] INFO  stepDefinitions.HomePageSteps - Image displayed.
22:57:43.907 [main] INFO  stepDefinitions.HomePageSteps - Image displayed.
22:57:44.014 [main] INFO  stepDefinitions.HomePageSteps - Image displayed.
22:57:44.119 [main] INFO  stepDefinitions.HomePageSteps - Image displayed.
22:57:44.211 [main] INFO  stepDefinitions.HomePageSteps - Image displayed.
22:57:44.302 [main] INFO  stepDefinitions.HomePageSteps - Image displayed.
22:57:44.441 [main] INFO  stepDefinitions.HomePageSteps - Image displayed.
22:57:44.525 [main] INFO  stepDefinitions.HomePageSteps - Image displayed.
22:57:44.616 [main] INFO  stepDefinitions.HomePageSteps - Image displayed.
22:57:44.705 [main] INFO  stepDefinitions.HomePageSteps - Image displayed.
22:57:44.790 [main] INFO  stepDefinitions.HomePageSteps - Image displayed.
22:57:44.879 [main] INFO  stepDefinitions.HomePageSteps - Image displayed.
22:57:44.964 [main] INFO  stepDefinitions.HomePageSteps - Image displayed.
22:57:45.061 [main] INFO  stepDefinitions.HomePageSteps - Image displayed.
22:57:45.154 [main] INFO  stepDefinitions.HomePageSteps - Image displayed.
22:57:45.250 [main] INFO  stepDefinitions.HomePageSteps - Image displayed.
22:57:45.349 [main] INFO  stepDefinitions.HomePageSteps - Image displayed.
22:57:45.437 [main] INFO  stepDefinitions.HomePageSteps - Image displayed.
22:57:45.617 [main] INFO  stepDefinitions.HomePageSteps - Image displayed.
22:57:45.738 [main] INFO  stepDefinitions.HomePageSteps - Image displayed.
22:57:45.856 [main] INFO  stepDefinitions.HomePageSteps - Image displayed.
22:57:45.944 [main] INFO  stepDefinitions.HomePageSteps - Image displayed.
22:57:46.034 [main] INFO  stepDefinitions.HomePageSteps - Image displayed.
22:57:46.118 [main] INFO  stepDefinitions.HomePageSteps - Image displayed.
22:57:46.203 [main] INFO  stepDefinitions.HomePageSteps - Image displayed.
22:57:46.287 [main] INFO  stepDefinitions.HomePageSteps - Image displayed.
22:57:46.375 [main] INFO  stepDefinitions.HomePageSteps - Image displayed.
22:57:46.462 [main] INFO  stepDefinitions.HomePageSteps - Image displayed.
22:57:46.543 [main] INFO  stepDefinitions.HomePageSteps - Image displayed.
22:57:46.624 [main] INFO  stepDefinitions.HomePageSteps - Image displayed.
22:57:46.715 [main] INFO  stepDefinitions.HomePageSteps - Image displayed.
22:57:46.797 [main] INFO  stepDefinitions.HomePageSteps - Image displayed.
22:57:46.900 [main] INFO  stepDefinitions.HomePageSteps - Image displayed.
22:57:47.038 [main] INFO  stepDefinitions.HomePageSteps - Image displayed.
22:57:47.210 [main] INFO  stepDefinitions.HomePageSteps - Image displayed.
22:57:47.390 [main] INFO  stepDefinitions.HomePageSteps - Image displayed.
22:57:47.541 [main] INFO  stepDefinitions.HomePageSteps - Image displayed.
22:57:47.724 [main] INFO  stepDefinitions.HomePageSteps - Image displayed.
22:57:47.883 [main] INFO  stepDefinitions.HomePageSteps - Image displayed.
22:57:48.042 [main] INFO  stepDefinitions.HomePageSteps - Image displayed.
22:57:48.219 [main] INFO  stepDefinitions.HomePageSteps - Image displayed.
22:57:48.374 [main] INFO  stepDefinitions.HomePageSteps - Image displayed.
22:57:48.537 [main] INFO  stepDefinitions.HomePageSteps - Image displayed.
22:57:48.725 [main] INFO  stepDefinitions.HomePageSteps - Image displayed.
22:57:48.905 [main] INFO  stepDefinitions.HomePageSteps - Image displayed.
22:57:49.062 [main] INFO  stepDefinitions.HomePageSteps - Image displayed.
22:57:49.230 [main] INFO  stepDefinitions.HomePageSteps - Image displayed.
22:57:49.367 [main] INFO  stepDefinitions.HomePageSteps - Image displayed.
22:57:49.535 [main] INFO  stepDefinitions.HomePageSteps - Image displayed.
22:57:49.682 [main] INFO  stepDefinitions.HomePageSteps - Image displayed.
22:57:49.846 [main] INFO  stepDefinitions.HomePageSteps - Image displayed.
22:57:50.014 [main] INFO  stepDefinitions.HomePageSteps - Image displayed.
22:57:50.175 [main] INFO  stepDefinitions.HomePageSteps - Image displayed.
22:57:50.348 [main] INFO  stepDefinitions.HomePageSteps - Image displayed.
22:57:50.493 [main] INFO  stepDefinitions.HomePageSteps - Image displayed.
22:57:50.664 [main] INFO  stepDefinitions.HomePageSteps - Image displayed.
22:57:50.840 [main] INFO  stepDefinitions.HomePageSteps - Image displayed.
22:57:50.993 [main] INFO  stepDefinitions.HomePageSteps - Image displayed.
22:57:51.104 [main] INFO  stepDefinitions.HomePageSteps - Image displayed.
22:57:51.196 [main] INFO  stepDefinitions.HomePageSteps - Image displayed.
22:57:51.287 [main] INFO  stepDefinitions.HomePageSteps - Image displayed.
22:57:51.383 [main] INFO  stepDefinitions.HomePageSteps - Image displayed.
22:57:51.545 [main] INFO  stepDefinitions.HomePageSteps - Image displayed.
22:57:51.739 [main] INFO  stepDefinitions.HomePageSteps - Image displayed.
22:57:51.898 [main] INFO  stepDefinitions.HomePageSteps - Image displayed.
22:57:51.989 [main] INFO  stepDefinitions.HomePageSteps - Image displayed.
22:57:52.136 [main] INFO  stepDefinitions.HomePageSteps - Image displayed.
22:57:52.322 [main] INFO  stepDefinitions.HomePageSteps - Image displayed.
22:57:52.462 [main] INFO  stepDefinitions.HomePageSteps - Image displayed.
22:57:52.567 [main] INFO  stepDefinitions.HomePageSteps - Image displayed.
22:57:52.665 [main] INFO  stepDefinitions.HomePageSteps - Image displayed.
22:57:52.758 [main] INFO  stepDefinitions.HomePageSteps - Image displayed.
22:57:52.860 [main] INFO  stepDefinitions.HomePageSteps - Image displayed.
22:57:53.043 [main] INFO  stepDefinitions.HomePageSteps - Image displayed.
22:57:53.231 [main] INFO  stepDefinitions.HomePageSteps - Image displayed.
22:57:53.414 [main] INFO  stepDefinitions.HomePageSteps - Image displayed.
22:57:53.512 [main] INFO  stepDefinitions.HomePageSteps - Image displayed.
22:57:53.631 [main] INFO  stepDefinitions.HomePageSteps - Image displayed.
22:57:53.813 [main] INFO  stepDefinitions.HomePageSteps - Image displayed.
22:57:53.999 [main] INFO  stepDefinitions.HomePageSteps - Image displayed.
22:57:54.184 [main] INFO  stepDefinitions.HomePageSteps - Image displayed.
22:57:54.369 [main] INFO  stepDefinitions.HomePageSteps - Image displayed.
22:57:54.487 [main] INFO  stepDefinitions.HomePageSteps - Image displayed.
22:57:54.609 [main] INFO  stepDefinitions.HomePageSteps - Image displayed.
22:57:54.734 [main] INFO  stepDefinitions.HomePageSteps - Image displayed.
22:57:54.863 [main] INFO  stepDefinitions.HomePageSteps - Image displayed.
22:57:54.964 [main] INFO  stepDefinitions.HomePageSteps - Image displayed.
22:57:55.147 [main] INFO  stepDefinitions.HomePageSteps - Image displayed.
22:57:55.322 [main] INFO  stepDefinitions.HomePageSteps - Image displayed.
22:57:55.509 [main] INFO  stepDefinitions.HomePageSteps - Image displayed.
22:57:55.685 [main] INFO  stepDefinitions.HomePageSteps - Image displayed.
22:57:55.845 [main] INFO  stepDefinitions.HomePageSteps - Image displayed.
22:57:55.953 [main] INFO  stepDefinitions.HomePageSteps - Image displayed.
22:57:56.043 [main] INFO  stepDefinitions.HomePageSteps - Image displayed.
22:57:56.201 [main] INFO  stepDefinitions.HomePageSteps - Image displayed.
22:57:56.472 [main] INFO  stepDefinitions.HomePageSteps - Image displayed.
22:57:56.572 [main] INFO  stepDefinitions.HomePageSteps - Image displayed.
22:57:56.734 [main] INFO  stepDefinitions.HomePageSteps - Image displayed.
22:57:56.884 [main] INFO  stepDefinitions.HomePageSteps - Image displayed.
22:57:57.062 [main] INFO  stepDefinitions.HomePageSteps - Image displayed.
22:57:57.241 [main] INFO  stepDefinitions.HomePageSteps - Image displayed.
22:57:57.400 [main] INFO  stepDefinitions.HomePageSteps - Image displayed.
22:57:57.524 [main] INFO  stepDefinitions.HomePageSteps - Image displayed.
22:57:57.698 [main] INFO  stepDefinitions.HomePageSteps - Image displayed.
22:57:57.889 [main] INFO  stepDefinitions.HomePageSteps - Image displayed.
22:57:58.068 [main] INFO  stepDefinitions.HomePageSteps - Image displayed.
22:57:58.149 [main] INFO  stepDefinitions.HomePageSteps - Image displayed.
22:57:58.237 [main] INFO  stepDefinitions.HomePageSteps - Image displayed.
22:57:58.327 [main] INFO  stepDefinitions.HomePageSteps - Image displayed.
22:57:58.423 [main] INFO  stepDefinitions.HomePageSteps - Image displayed.
22:57:58.516 [main] INFO  stepDefinitions.HomePageSteps - Image displayed.
22:57:58.608 [main] INFO  stepDefinitions.HomePageSteps - Image displayed.
22:57:58.796 [main] INFO  stepDefinitions.HomePageSteps - Image displayed.
22:57:58.946 [main] INFO  stepDefinitions.HomePageSteps - Image displayed.
22:57:59.034 [main] INFO  stepDefinitions.HomePageSteps - Image displayed.
22:57:59.131 [main] INFO  stepDefinitions.HomePageSteps - Image displayed.
22:57:59.219 [main] INFO  stepDefinitions.HomePageSteps - Image displayed.
22:57:59.314 [main] INFO  stepDefinitions.HomePageSteps - Image displayed.
22:57:59.398 [main] INFO  stepDefinitions.HomePageSteps - Image displayed.
22:57:59.487 [main] INFO  stepDefinitions.HomePageSteps - Image displayed.
22:57:59.579 [main] INFO  stepDefinitions.HomePageSteps - Image displayed.
22:57:59.671 [main] INFO  stepDefinitions.HomePageSteps - Image displayed.
22:57:59.758 [main] INFO  stepDefinitions.HomePageSteps - Some issue while traversing the images.
22:58:41.531 [main] INFO  stepDefinitions.HomePageSteps - Clicking on Cameras menu--> 
22:58:42.500 [main] INFO  stepDefinitions.HomePageSteps - User is viewing correct product details.
22:58:42.575 [main] INFO  stepDefinitions.HomePageSteps - Page is showing image of selected product. 
22:58:42.761 [main] INFO  stepDefinitions.HomePageSteps - Image displayed.
22:58:42.846 [main] INFO  stepDefinitions.HomePageSteps - Image displayed.
23:02:19.405 [main] INFO  stepDefinitions.HomePageSteps - Clicking on Cameras menu--> 
23:02:20.558 [main] INFO  stepDefinitions.HomePageSteps - User is viewing correct product details.
23:02:20.618 [main] INFO  stepDefinitions.HomePageSteps - Page is showing image of selected product. 
23:02:20.760 [main] INFO  stepDefinitions.HomePageSteps - Image displayed.
23:02:20.865 [main] INFO  stepDefinitions.HomePageSteps - Image displayed.
23:03:16.949 [main] INFO  stepDefinitions.HomePageSteps - Clicking on Cameras menu--> 
23:03:18.085 [main] INFO  stepDefinitions.HomePageSteps - User is viewing correct product details.
23:03:18.163 [main] INFO  stepDefinitions.HomePageSteps - Page is showing image of selected product. 
23:03:18.301 [main] INFO  stepDefinitions.HomePageSteps - Image displayed.
23:03:18.412 [main] INFO  stepDefinitions.HomePageSteps - Image displayed.
23:03:18.657 [main] INFO  stepDefinitions.HomePageSteps - Image displayed.
23:03:18.825 [main] INFO  stepDefinitions.HomePageSteps - Image displayed.
23:03:19.031 [main] INFO  stepDefinitions.HomePageSteps - Image displayed.
23:03:19.229 [main] INFO  stepDefinitions.HomePageSteps - Image displayed.
23:03:19.449 [main] INFO  stepDefinitions.HomePageSteps - Image displayed.
23:03:19.645 [main] INFO  stepDefinitions.HomePageSteps - Image displayed.
23:03:19.807 [main] INFO  stepDefinitions.HomePageSteps - Image displayed.
23:03:19.995 [main] INFO  stepDefinitions.HomePageSteps - Image displayed.
23:03:20.164 [main] INFO  stepDefinitions.HomePageSteps - Image displayed.
23:03:20.344 [main] INFO  stepDefinitions.HomePageSteps - Image displayed.
23:03:20.558 [main] INFO  stepDefinitions.HomePageSteps - Image displayed.
23:03:20.741 [main] INFO  stepDefinitions.HomePageSteps - Image displayed.
23:03:20.887 [main] INFO  stepDefinitions.HomePageSteps - Image displayed.
23:03:21.015 [main] INFO  stepDefinitions.HomePageSteps - Image displayed.
23:03:21.146 [main] INFO  stepDefinitions.HomePageSteps - Image displayed.
23:03:21.252 [main] INFO  stepDefinitions.HomePageSteps - Image displayed.
23:03:21.345 [main] INFO  stepDefinitions.HomePageSteps - Image displayed.
23:03:21.445 [main] INFO  stepDefinitions.HomePageSteps - Image displayed.
23:03:21.544 [main] INFO  stepDefinitions.HomePageSteps - Image displayed.
23:03:21.644 [main] INFO  stepDefinitions.HomePageSteps - Image displayed.
23:03:21.750 [main] INFO  stepDefinitions.HomePageSteps - Image displayed.
23:03:21.846 [main] INFO  stepDefinitions.HomePageSteps - Image displayed.
23:03:21.950 [main] INFO  stepDefinitions.HomePageSteps - Image displayed.
23:03:22.046 [main] INFO  stepDefinitions.HomePageSteps - Image displayed.
23:03:22.146 [main] INFO  stepDefinitions.HomePageSteps - Image displayed.
23:03:22.246 [main] INFO  stepDefinitions.HomePageSteps - Image displayed.
23:03:22.348 [main] INFO  stepDefinitions.HomePageSteps - Image displayed.
23:03:22.447 [main] INFO  stepDefinitions.HomePageSteps - Image displayed.
23:03:22.548 [main] INFO  stepDefinitions.HomePageSteps - Image displayed.
23:03:22.651 [main] INFO  stepDefinitions.HomePageSteps - Image displayed.
23:03:22.746 [main] INFO  stepDefinitions.HomePageSteps - Image displayed.
23:03:22.848 [main] INFO  stepDefinitions.HomePageSteps - Image displayed.
23:03:22.951 [main] INFO  stepDefinitions.HomePageSteps - Image displayed.
23:03:23.045 [main] INFO  stepDefinitions.HomePageSteps - Image displayed.
23:03:23.140 [main] INFO  stepDefinitions.HomePageSteps - Image displayed.
23:03:23.241 [main] INFO  stepDefinitions.HomePageSteps - Image displayed.
23:03:23.332 [main] INFO  stepDefinitions.HomePageSteps - Image displayed.
23:03:23.438 [main] INFO  stepDefinitions.HomePageSteps - Image displayed.
23:03:23.530 [main] INFO  stepDefinitions.HomePageSteps - Image displayed.
23:03:23.627 [main] INFO  stepDefinitions.HomePageSteps - Image displayed.
23:03:23.744 [main] INFO  stepDefinitions.HomePageSteps - Image displayed.
23:03:23.837 [main] INFO  stepDefinitions.HomePageSteps - Image displayed.
23:03:23.925 [main] INFO  stepDefinitions.HomePageSteps - Image displayed.
23:03:24.015 [main] INFO  stepDefinitions.HomePageSteps - Image displayed.
23:03:24.105 [main] INFO  stepDefinitions.HomePageSteps - Image displayed.
23:03:24.195 [main] INFO  stepDefinitions.HomePageSteps - Image displayed.
23:03:24.322 [main] INFO  stepDefinitions.HomePageSteps - Some issue while traversing the images.
23:05:51.990 [main] INFO  stepDefinitions.HomePageSteps - Clicking on Cameras menu--> 
23:05:52.977 [main] INFO  stepDefinitions.HomePageSteps - User is viewing correct product details.
23:05:53.040 [main] INFO  stepDefinitions.HomePageSteps - Page is showing image of selected product. 
23:05:53.172 [main] INFO  stepDefinitions.HomePageSteps - Image displayed.
23:05:53.205 [main] INFO  stepDefinitions.HomePageSteps - Current Image Name: http://localhost/opencart/upload/image/cache/catalog/demo/nikon_d300_1-800x800.jpg
23:05:53.251 [main] INFO  stepDefinitions.HomePageSteps - Image displayed.
23:05:53.350 [main] INFO  stepDefinitions.HomePageSteps - Current Image Name: http://localhost/opencart/upload/image/cache/catalog/demo/nikon_d300_5-800x800.jpg
23:05:53.396 [main] INFO  stepDefinitions.HomePageSteps - Current Image Name: http://localhost/opencart/upload/image/cache/catalog/demo/nikon_d300_5-800x800.jpg
23:05:53.446 [main] INFO  stepDefinitions.HomePageSteps - Image displayed.
23:05:53.568 [main] INFO  stepDefinitions.HomePageSteps - Current Image Name: http://localhost/opencart/upload/image/cache/catalog/demo/nikon_d300_4-800x800.jpg
23:05:53.613 [main] INFO  stepDefinitions.HomePageSteps - Current Image Name: http://localhost/opencart/upload/image/cache/catalog/demo/nikon_d300_4-800x800.jpg
23:05:53.663 [main] INFO  stepDefinitions.HomePageSteps - Image displayed.
23:05:53.764 [main] INFO  stepDefinitions.HomePageSteps - Current Image Name: http://localhost/opencart/upload/image/cache/catalog/demo/nikon_d300_2-800x800.jpg
23:05:53.810 [main] INFO  stepDefinitions.HomePageSteps - Current Image Name: http://localhost/opencart/upload/image/cache/catalog/demo/nikon_d300_2-800x800.jpg
23:05:53.860 [main] INFO  stepDefinitions.HomePageSteps - Image displayed.
23:05:53.982 [main] INFO  stepDefinitions.HomePageSteps - Current Image Name: http://localhost/opencart/upload/image/cache/catalog/demo/nikon_d300_3-800x800.jpg
23:05:54.024 [main] INFO  stepDefinitions.HomePageSteps - Current Image Name: http://localhost/opencart/upload/image/cache/catalog/demo/nikon_d300_3-800x800.jpg
23:05:54.073 [main] INFO  stepDefinitions.HomePageSteps - Image displayed.
23:05:54.190 [main] INFO  stepDefinitions.HomePageSteps - Current Image Name: http://localhost/opencart/upload/image/cache/catalog/demo/nikon_d300_1-800x800.jpg
23:05:54.234 [main] INFO  stepDefinitions.HomePageSteps - Current Image Name: http://localhost/opencart/upload/image/cache/catalog/demo/nikon_d300_1-800x800.jpg
23:05:54.282 [main] INFO  stepDefinitions.HomePageSteps - Image displayed.
23:05:54.407 [main] INFO  stepDefinitions.HomePageSteps - Current Image Name: http://localhost/opencart/upload/image/cache/catalog/demo/nikon_d300_5-800x800.jpg
23:05:54.456 [main] INFO  stepDefinitions.HomePageSteps - Current Image Name: http://localhost/opencart/upload/image/cache/catalog/demo/nikon_d300_5-800x800.jpg
23:05:54.503 [main] INFO  stepDefinitions.HomePageSteps - Image displayed.
23:05:54.612 [main] INFO  stepDefinitions.HomePageSteps - Current Image Name: http://localhost/opencart/upload/image/cache/catalog/demo/nikon_d300_4-800x800.jpg
23:05:54.656 [main] INFO  stepDefinitions.HomePageSteps - Current Image Name: http://localhost/opencart/upload/image/cache/catalog/demo/nikon_d300_4-800x800.jpg
23:05:54.696 [main] INFO  stepDefinitions.HomePageSteps - Image displayed.
23:05:54.804 [main] INFO  stepDefinitions.HomePageSteps - Current Image Name: http://localhost/opencart/upload/image/cache/catalog/demo/nikon_d300_2-800x800.jpg
23:05:54.829 [main] INFO  stepDefinitions.HomePageSteps - Current Image Name: http://localhost/opencart/upload/image/cache/catalog/demo/nikon_d300_2-800x800.jpg
23:05:54.867 [main] INFO  stepDefinitions.HomePageSteps - Image displayed.
23:05:54.978 [main] INFO  stepDefinitions.HomePageSteps - Current Image Name: http://localhost/opencart/upload/image/cache/catalog/demo/nikon_d300_3-800x800.jpg
23:05:55.016 [main] INFO  stepDefinitions.HomePageSteps - Current Image Name: http://localhost/opencart/upload/image/cache/catalog/demo/nikon_d300_3-800x800.jpg
23:05:55.063 [main] INFO  stepDefinitions.HomePageSteps - Image displayed.
23:05:55.251 [main] INFO  stepDefinitions.HomePageSteps - Some issue while traversing the images.
23:29:28.951 [main] INFO  stepDefinitions.HomePageSteps - Clicking on Cameras menu--> 
23:29:30.022 [main] INFO  stepDefinitions.HomePageSteps - User is viewing correct product details.
23:29:30.093 [main] INFO  stepDefinitions.HomePageSteps - Page is showing image of selected product. 
23:29:30.239 [main] INFO  stepDefinitions.HomePageSteps - Image displayed.
23:29:30.300 [main] INFO  stepDefinitions.HomePageSteps - Current Image Name: [http://localhost/opencart/upload/image/cache/catalog/demo/nikon_d300_1-800x800.jpg]
23:29:30.346 [main] INFO  stepDefinitions.HomePageSteps - Image displayed.
23:29:30.507 [main] INFO  stepDefinitions.HomePageSteps - Next Image Name: http://localhost/opencart/upload/image/cache/catalog/demo/nikon_d300_5-800x800.jpg
23:29:30.554 [main] INFO  stepDefinitions.HomePageSteps - Current Image Name: [http://localhost/opencart/upload/image/cache/catalog/demo/nikon_d300_5-800x800.jpg, http://localhost/opencart/upload/image/cache/catalog/demo/nikon_d300_1-800x800.jpg]
23:29:30.602 [main] INFO  stepDefinitions.HomePageSteps - Image displayed.
23:29:30.718 [main] INFO  stepDefinitions.HomePageSteps - Next Image Name: http://localhost/opencart/upload/image/cache/catalog/demo/nikon_d300_4-800x800.jpg
23:29:30.764 [main] INFO  stepDefinitions.HomePageSteps - Current Image Name: [http://localhost/opencart/upload/image/cache/catalog/demo/nikon_d300_4-800x800.jpg, http://localhost/opencart/upload/image/cache/catalog/demo/nikon_d300_5-800x800.jpg, http://localhost/opencart/upload/image/cache/catalog/demo/nikon_d300_1-800x800.jpg]
23:29:30.816 [main] INFO  stepDefinitions.HomePageSteps - Image displayed.
23:29:30.915 [main] INFO  stepDefinitions.HomePageSteps - Next Image Name: http://localhost/opencart/upload/image/cache/catalog/demo/nikon_d300_2-800x800.jpg
23:29:30.961 [main] INFO  stepDefinitions.HomePageSteps - Current Image Name: [http://localhost/opencart/upload/image/cache/catalog/demo/nikon_d300_2-800x800.jpg, http://localhost/opencart/upload/image/cache/catalog/demo/nikon_d300_4-800x800.jpg, http://localhost/opencart/upload/image/cache/catalog/demo/nikon_d300_5-800x800.jpg, http://localhost/opencart/upload/image/cache/catalog/demo/nikon_d300_1-800x800.jpg]
23:29:31.006 [main] INFO  stepDefinitions.HomePageSteps - Image displayed.
23:29:31.106 [main] INFO  stepDefinitions.HomePageSteps - Next Image Name: http://localhost/opencart/upload/image/cache/catalog/demo/nikon_d300_3-800x800.jpg
23:29:31.145 [main] INFO  stepDefinitions.HomePageSteps - Current Image Name: [http://localhost/opencart/upload/image/cache/catalog/demo/nikon_d300_3-800x800.jpg, http://localhost/opencart/upload/image/cache/catalog/demo/nikon_d300_2-800x800.jpg, http://localhost/opencart/upload/image/cache/catalog/demo/nikon_d300_4-800x800.jpg, http://localhost/opencart/upload/image/cache/catalog/demo/nikon_d300_5-800x800.jpg, http://localhost/opencart/upload/image/cache/catalog/demo/nikon_d300_1-800x800.jpg]
23:29:31.193 [main] INFO  stepDefinitions.HomePageSteps - Image displayed.
23:29:31.303 [main] INFO  stepDefinitions.HomePageSteps - Next Image Name: http://localhost/opencart/upload/image/cache/catalog/demo/nikon_d300_1-800x800.jpg
23:35:22.107 [main] INFO  stepDefinitions.HomePageSteps - Clicking on Cameras menu--> 
23:35:23.344 [main] INFO  stepDefinitions.HomePageSteps - User is viewing correct product details.
23:35:23.421 [main] INFO  stepDefinitions.HomePageSteps - Page is showing image of selected product. 
23:35:23.609 [main] INFO  stepDefinitions.HomePageSteps - Image displayed.
23:35:23.669 [main] INFO  stepDefinitions.HomePageSteps - Current Image Name: [http://localhost/opencart/upload/image/cache/catalog/demo/nikon_d300_1-800x800.jpg]
23:35:23.720 [main] INFO  stepDefinitions.HomePageSteps - Image displayed.
23:35:23.881 [main] INFO  stepDefinitions.HomePageSteps - Next Image Name: http://localhost/opencart/upload/image/cache/catalog/demo/nikon_d300_5-800x800.jpg
23:35:23.925 [main] INFO  stepDefinitions.HomePageSteps - Current Image Name: [http://localhost/opencart/upload/image/cache/catalog/demo/nikon_d300_5-800x800.jpg, http://localhost/opencart/upload/image/cache/catalog/demo/nikon_d300_1-800x800.jpg]
23:35:23.978 [main] INFO  stepDefinitions.HomePageSteps - Image displayed.
23:35:24.078 [main] INFO  stepDefinitions.HomePageSteps - Next Image Name: http://localhost/opencart/upload/image/cache/catalog/demo/nikon_d300_4-800x800.jpg
23:35:24.122 [main] INFO  stepDefinitions.HomePageSteps - Current Image Name: [http://localhost/opencart/upload/image/cache/catalog/demo/nikon_d300_4-800x800.jpg, http://localhost/opencart/upload/image/cache/catalog/demo/nikon_d300_5-800x800.jpg, http://localhost/opencart/upload/image/cache/catalog/demo/nikon_d300_1-800x800.jpg]
23:35:24.168 [main] INFO  stepDefinitions.HomePageSteps - Image displayed.
23:35:24.288 [main] INFO  stepDefinitions.HomePageSteps - Next Image Name: http://localhost/opencart/upload/image/cache/catalog/demo/nikon_d300_2-800x800.jpg
23:35:24.338 [main] INFO  stepDefinitions.HomePageSteps - Current Image Name: [http://localhost/opencart/upload/image/cache/catalog/demo/nikon_d300_2-800x800.jpg, http://localhost/opencart/upload/image/cache/catalog/demo/nikon_d300_4-800x800.jpg, http://localhost/opencart/upload/image/cache/catalog/demo/nikon_d300_5-800x800.jpg, http://localhost/opencart/upload/image/cache/catalog/demo/nikon_d300_1-800x800.jpg]
23:35:24.385 [main] INFO  stepDefinitions.HomePageSteps - Image displayed.
23:35:24.498 [main] INFO  stepDefinitions.HomePageSteps - Next Image Name: http://localhost/opencart/upload/image/cache/catalog/demo/nikon_d300_3-800x800.jpg
23:35:24.538 [main] INFO  stepDefinitions.HomePageSteps - Current Image Name: [http://localhost/opencart/upload/image/cache/catalog/demo/nikon_d300_3-800x800.jpg, http://localhost/opencart/upload/image/cache/catalog/demo/nikon_d300_2-800x800.jpg, http://localhost/opencart/upload/image/cache/catalog/demo/nikon_d300_4-800x800.jpg, http://localhost/opencart/upload/image/cache/catalog/demo/nikon_d300_5-800x800.jpg, http://localhost/opencart/upload/image/cache/catalog/demo/nikon_d300_1-800x800.jpg]
23:35:24.588 [main] INFO  stepDefinitions.HomePageSteps - Image displayed.
23:35:24.710 [main] INFO  stepDefinitions.HomePageSteps - Next Image Name: http://localhost/opencart/upload/image/cache/catalog/demo/nikon_d300_1-800x800.jpg
23:35:24.754 [main] INFO  stepDefinitions.HomePageSteps - Current Image Name: [http://localhost/opencart/upload/image/cache/catalog/demo/nikon_d300_1-800x800.jpg]
23:35:24.801 [main] INFO  stepDefinitions.HomePageSteps - Image displayed.
23:35:24.948 [main] INFO  stepDefinitions.HomePageSteps - Next Image Name: http://localhost/opencart/upload/image/cache/catalog/demo/nikon_d300_3-800x800.jpg
23:35:24.993 [main] INFO  stepDefinitions.HomePageSteps - Current Image Name: [http://localhost/opencart/upload/image/cache/catalog/demo/nikon_d300_3-800x800.jpg, http://localhost/opencart/upload/image/cache/catalog/demo/nikon_d300_1-800x800.jpg]
23:35:25.040 [main] INFO  stepDefinitions.HomePageSteps - Image displayed.
23:35:25.163 [main] INFO  stepDefinitions.HomePageSteps - Next Image Name: http://localhost/opencart/upload/image/cache/catalog/demo/nikon_d300_2-800x800.jpg
23:35:25.203 [main] INFO  stepDefinitions.HomePageSteps - Current Image Name: [http://localhost/opencart/upload/image/cache/catalog/demo/nikon_d300_2-800x800.jpg, http://localhost/opencart/upload/image/cache/catalog/demo/nikon_d300_3-800x800.jpg, http://localhost/opencart/upload/image/cache/catalog/demo/nikon_d300_1-800x800.jpg]
23:35:25.239 [main] INFO  stepDefinitions.HomePageSteps - Image displayed.
23:35:25.333 [main] INFO  stepDefinitions.HomePageSteps - Next Image Name: http://localhost/opencart/upload/image/cache/catalog/demo/nikon_d300_4-800x800.jpg
23:35:25.372 [main] INFO  stepDefinitions.HomePageSteps - Current Image Name: [http://localhost/opencart/upload/image/cache/catalog/demo/nikon_d300_4-800x800.jpg, http://localhost/opencart/upload/image/cache/catalog/demo/nikon_d300_2-800x800.jpg, http://localhost/opencart/upload/image/cache/catalog/demo/nikon_d300_3-800x800.jpg, http://localhost/opencart/upload/image/cache/catalog/demo/nikon_d300_1-800x800.jpg]
23:35:25.419 [main] INFO  stepDefinitions.HomePageSteps - Image displayed.
23:35:25.511 [main] INFO  stepDefinitions.HomePageSteps - Next Image Name: http://localhost/opencart/upload/image/cache/catalog/demo/nikon_d300_5-800x800.jpg
23:35:25.550 [main] INFO  stepDefinitions.HomePageSteps - Current Image Name: [http://localhost/opencart/upload/image/cache/catalog/demo/nikon_d300_5-800x800.jpg, http://localhost/opencart/upload/image/cache/catalog/demo/nikon_d300_4-800x800.jpg, http://localhost/opencart/upload/image/cache/catalog/demo/nikon_d300_2-800x800.jpg, http://localhost/opencart/upload/image/cache/catalog/demo/nikon_d300_3-800x800.jpg, http://localhost/opencart/upload/image/cache/catalog/demo/nikon_d300_1-800x800.jpg]
23:35:25.596 [main] INFO  stepDefinitions.HomePageSteps - Image displayed.
23:35:25.696 [main] INFO  stepDefinitions.HomePageSteps - Next Image Name: http://localhost/opencart/upload/image/cache/catalog/demo/nikon_d300_1-800x800.jpg
23:38:19.720 [main] INFO  stepDefinitions.HomePageSteps - Clicking on Cameras menu--> 
23:38:20.847 [main] INFO  stepDefinitions.HomePageSteps - User is viewing correct product details.
23:38:20.917 [main] INFO  stepDefinitions.HomePageSteps - Page is showing image of selected product. 
23:38:21.056 [main] INFO  stepDefinitions.HomePageSteps - Image displayed.
23:38:21.101 [main] INFO  stepDefinitions.HomePageSteps - Current Image Name: [http://localhost/opencart/upload/image/cache/catalog/demo/nikon_d300_1-800x800.jpg]
23:38:21.149 [main] INFO  stepDefinitions.HomePageSteps - Image displayed.
23:38:21.263 [main] INFO  stepDefinitions.HomePageSteps - Next Image Name: http://localhost/opencart/upload/image/cache/catalog/demo/nikon_d300_5-800x800.jpg
23:38:21.313 [main] INFO  stepDefinitions.HomePageSteps - Current Image Name: [http://localhost/opencart/upload/image/cache/catalog/demo/nikon_d300_5-800x800.jpg, http://localhost/opencart/upload/image/cache/catalog/demo/nikon_d300_1-800x800.jpg]
23:38:21.358 [main] INFO  stepDefinitions.HomePageSteps - Image displayed.
23:38:21.450 [main] INFO  stepDefinitions.HomePageSteps - Next Image Name: http://localhost/opencart/upload/image/cache/catalog/demo/nikon_d300_4-800x800.jpg
23:38:21.500 [main] INFO  stepDefinitions.HomePageSteps - Current Image Name: [http://localhost/opencart/upload/image/cache/catalog/demo/nikon_d300_4-800x800.jpg, http://localhost/opencart/upload/image/cache/catalog/demo/nikon_d300_5-800x800.jpg, http://localhost/opencart/upload/image/cache/catalog/demo/nikon_d300_1-800x800.jpg]
23:38:21.550 [main] INFO  stepDefinitions.HomePageSteps - Image displayed.
23:38:21.661 [main] INFO  stepDefinitions.HomePageSteps - Next Image Name: http://localhost/opencart/upload/image/cache/catalog/demo/nikon_d300_2-800x800.jpg
23:38:21.705 [main] INFO  stepDefinitions.HomePageSteps - Current Image Name: [http://localhost/opencart/upload/image/cache/catalog/demo/nikon_d300_2-800x800.jpg, http://localhost/opencart/upload/image/cache/catalog/demo/nikon_d300_4-800x800.jpg, http://localhost/opencart/upload/image/cache/catalog/demo/nikon_d300_5-800x800.jpg, http://localhost/opencart/upload/image/cache/catalog/demo/nikon_d300_1-800x800.jpg]
23:38:21.765 [main] INFO  stepDefinitions.HomePageSteps - Image displayed.
23:38:21.874 [main] INFO  stepDefinitions.HomePageSteps - Next Image Name: http://localhost/opencart/upload/image/cache/catalog/demo/nikon_d300_3-800x800.jpg
23:38:21.920 [main] INFO  stepDefinitions.HomePageSteps - Current Image Name: [http://localhost/opencart/upload/image/cache/catalog/demo/nikon_d300_3-800x800.jpg, http://localhost/opencart/upload/image/cache/catalog/demo/nikon_d300_2-800x800.jpg, http://localhost/opencart/upload/image/cache/catalog/demo/nikon_d300_4-800x800.jpg, http://localhost/opencart/upload/image/cache/catalog/demo/nikon_d300_5-800x800.jpg, http://localhost/opencart/upload/image/cache/catalog/demo/nikon_d300_1-800x800.jpg]
23:38:21.972 [main] INFO  stepDefinitions.HomePageSteps - Image displayed.
23:38:22.063 [main] INFO  stepDefinitions.HomePageSteps - Next Image Name: http://localhost/opencart/upload/image/cache/catalog/demo/nikon_d300_1-800x800.jpg
23:38:22.105 [main] INFO  stepDefinitions.HomePageSteps - Current Image Name: [http://localhost/opencart/upload/image/cache/catalog/demo/nikon_d300_1-800x800.jpg]
23:38:22.153 [main] INFO  stepDefinitions.HomePageSteps - Image displayed.
23:38:22.304 [main] INFO  stepDefinitions.HomePageSteps - Next Image Name: http://localhost/opencart/upload/image/cache/catalog/demo/nikon_d300_3-800x800.jpg
23:38:22.347 [main] INFO  stepDefinitions.HomePageSteps - Current Image Name: [http://localhost/opencart/upload/image/cache/catalog/demo/nikon_d300_3-800x800.jpg, http://localhost/opencart/upload/image/cache/catalog/demo/nikon_d300_1-800x800.jpg]
23:38:22.393 [main] INFO  stepDefinitions.HomePageSteps - Image displayed.
23:38:22.501 [main] INFO  stepDefinitions.HomePageSteps - Next Image Name: http://localhost/opencart/upload/image/cache/catalog/demo/nikon_d300_2-800x800.jpg
23:38:22.545 [main] INFO  stepDefinitions.HomePageSteps - Current Image Name: [http://localhost/opencart/upload/image/cache/catalog/demo/nikon_d300_2-800x800.jpg, http://localhost/opencart/upload/image/cache/catalog/demo/nikon_d300_3-800x800.jpg, http://localhost/opencart/upload/image/cache/catalog/demo/nikon_d300_1-800x800.jpg]
23:38:22.597 [main] INFO  stepDefinitions.HomePageSteps - Image displayed.
23:38:22.700 [main] INFO  stepDefinitions.HomePageSteps - Next Image Name: http://localhost/opencart/upload/image/cache/catalog/demo/nikon_d300_4-800x800.jpg
23:38:22.750 [main] INFO  stepDefinitions.HomePageSteps - Current Image Name: [http://localhost/opencart/upload/image/cache/catalog/demo/nikon_d300_4-800x800.jpg, http://localhost/opencart/upload/image/cache/catalog/demo/nikon_d300_2-800x800.jpg, http://localhost/opencart/upload/image/cache/catalog/demo/nikon_d300_3-800x800.jpg, http://localhost/opencart/upload/image/cache/catalog/demo/nikon_d300_1-800x800.jpg]
23:38:22.788 [main] INFO  stepDefinitions.HomePageSteps - Image displayed.
23:38:22.851 [main] INFO  stepDefinitions.HomePageSteps - Next Image Name: http://localhost/opencart/upload/image/cache/catalog/demo/nikon_d300_5-800x800.jpg
23:38:22.875 [main] INFO  stepDefinitions.HomePageSteps - Current Image Name: [http://localhost/opencart/upload/image/cache/catalog/demo/nikon_d300_5-800x800.jpg, http://localhost/opencart/upload/image/cache/catalog/demo/nikon_d300_4-800x800.jpg, http://localhost/opencart/upload/image/cache/catalog/demo/nikon_d300_2-800x800.jpg, http://localhost/opencart/upload/image/cache/catalog/demo/nikon_d300_3-800x800.jpg, http://localhost/opencart/upload/image/cache/catalog/demo/nikon_d300_1-800x800.jpg]
23:38:22.900 [main] INFO  stepDefinitions.HomePageSteps - Image displayed.
23:38:22.956 [main] INFO  stepDefinitions.HomePageSteps - Next Image Name: http://localhost/opencart/upload/image/cache/catalog/demo/nikon_d300_1-800x800.jpg
23:38:23.030 [main] INFO  stepDefinitions.HomePageSteps - User is viewing correct product details.
00:42:20.333 [main] INFO  stepDefinitions.HomePageSteps - Clicking on Tablets menu--> 
14:14:59.808 [main] INFO  stepDefinitions.HomePageSteps - Clicking on Tablets menu--> 
14:15:00.226 [main] INFO  stepDefinitions.HomePageSteps - Clicking on Samsung Galaxy Tab 10.1 product 
14:15:00.567 [main] INFO  stepDefinitions.HomePageSteps - User is viewing correct product details.
14:22:25.374 [main] INFO  stepDefinitions.HomePageSteps - Clicking on Tablets menu--> 
14:22:25.789 [main] INFO  stepDefinitions.HomePageSteps - Clicking on Samsung Galaxy Tab 10.1 product 
14:22:26.157 [main] INFO  stepDefinitions.HomePageSteps - User is viewing correct product details.
14:32:45.317 [main] INFO  stepDefinitions.HomePageSteps - Clicking on Tablets menu--> 
14:32:45.671 [main] INFO  stepDefinitions.HomePageSteps - Clicking on Samsung Galaxy Tab 10.1 product 
14:32:46.108 [main] INFO  stepDefinitions.HomePageSteps - User is viewing correct product details.
14:33:55.652 [main] INFO  stepDefinitions.HomePageSteps - Clicking on Tablets menu--> 
14:33:56.071 [main] INFO  stepDefinitions.HomePageSteps - Clicking on Samsung Galaxy Tab 10.1 product 
14:33:56.471 [main] INFO  stepDefinitions.HomePageSteps - User is viewing correct product details.
14:34:44.754 [main] INFO  stepDefinitions.HomePageSteps - Clicking on Tablets menu--> 
14:34:45.143 [main] INFO  stepDefinitions.HomePageSteps - Clicking on Samsung Galaxy Tab 10.1 product 
14:34:45.456 [main] INFO  stepDefinitions.HomePageSteps - User is viewing correct product details.
14:34:45.533 [main] INFO  stepDefinitions.HomePageSteps - Clicked on Reviews tab.
14:47:30.155 [main] INFO  stepDefinitions.HomePageSteps - Clicking on Tablets menu--> 
14:47:30.524 [main] INFO  stepDefinitions.HomePageSteps - Clicking on Samsung Galaxy Tab 10.1 product 
14:47:30.879 [main] INFO  stepDefinitions.HomePageSteps - User is viewing correct product details.
14:47:30.950 [main] INFO  stepDefinitions.HomePageSteps - Clicked on Reviews tab.
14:55:02.717 [main] INFO  stepDefinitions.HomePageSteps - Clicking on Tablets menu--> 
14:55:03.089 [main] INFO  stepDefinitions.HomePageSteps - Clicking on Samsung Galaxy Tab 10.1 product 
14:55:03.415 [main] INFO  stepDefinitions.HomePageSteps - User is viewing correct product details.
14:55:03.486 [main] INFO  stepDefinitions.HomePageSteps - Clicked on Reviews tab.
15:05:13.438 [main] INFO  stepDefinitions.HomePageSteps - Clicking on Tablets menu--> 
15:05:13.795 [main] INFO  stepDefinitions.HomePageSteps - Clicking on Samsung Galaxy Tab 10.1 product 
15:05:14.167 [main] INFO  stepDefinitions.HomePageSteps - User is viewing correct product details.
15:05:14.249 [main] INFO  stepDefinitions.HomePageSteps - Clicked on Reviews tab.
15:11:21.536 [main] INFO  stepDefinitions.HomePageSteps - Clicking on Tablets menu--> 
15:11:21.911 [main] INFO  stepDefinitions.HomePageSteps - Clicking on Samsung Galaxy Tab 10.1 product 
15:11:22.254 [main] INFO  stepDefinitions.HomePageSteps - User is viewing correct product details.
15:11:22.332 [main] INFO  stepDefinitions.HomePageSteps - Clicked on Reviews tab.
15:32:16.582 [main] INFO  stepDefinitions.HomePageSteps - Clicking on Tablets menu--> 
15:32:17.143 [main] INFO  stepDefinitions.HomePageSteps - Clicking on Samsung Galaxy Tab 10.1 product 
15:32:17.795 [main] INFO  stepDefinitions.HomePageSteps - User is viewing correct product details.
15:32:17.960 [main] INFO  stepDefinitions.HomePageSteps - Clicked on Reviews tab.
15:38:02.622 [main] INFO  stepDefinitions.HomePageSteps - Clicking on Tablets menu--> 
15:38:03.022 [main] INFO  stepDefinitions.HomePageSteps - Clicking on Samsung Galaxy Tab 10.1 product 
15:38:03.669 [main] INFO  stepDefinitions.HomePageSteps - User is viewing correct product details.
15:38:03.824 [main] INFO  stepDefinitions.HomePageSteps - Clicked on Reviews tab.
15:43:18.200 [main] INFO  stepDefinitions.HomePageSteps - Clicking on Tablets menu--> 
15:43:18.718 [main] INFO  stepDefinitions.HomePageSteps - Clicking on Samsung Galaxy Tab 10.1 product 
15:43:19.351 [main] INFO  stepDefinitions.HomePageSteps - User is viewing correct product details.
15:43:19.510 [main] INFO  stepDefinitions.HomePageSteps - Clicked on Reviews tab.
15:46:38.777 [main] INFO  stepDefinitions.HomePageSteps - Clicking on Tablets menu--> 
15:46:39.258 [main] INFO  stepDefinitions.HomePageSteps - Clicking on Samsung Galaxy Tab 10.1 product 
15:46:39.701 [main] INFO  stepDefinitions.HomePageSteps - User is viewing correct product details.
15:46:39.849 [main] INFO  stepDefinitions.HomePageSteps - Clicked on Reviews tab.
16:05:22.204 [main] INFO  stepDefinitions.HomePageSteps - Clicking on Tablets menu--> 
16:05:22.721 [main] INFO  stepDefinitions.HomePageSteps - Clicking on Samsung Galaxy Tab 10.1 product 
16:05:23.273 [main] INFO  stepDefinitions.HomePageSteps - User is viewing correct product details.
16:05:23.437 [main] INFO  stepDefinitions.HomePageSteps - Clicked on Reviews tab.
16:09:38.443 [main] INFO  stepDefinitions.HomePageSteps - Clicking on Tablets menu--> 
16:09:38.924 [main] INFO  stepDefinitions.HomePageSteps - Clicking on Samsung Galaxy Tab 10.1 product 
16:09:39.515 [main] INFO  stepDefinitions.HomePageSteps - User is viewing correct product details.
16:09:39.623 [main] INFO  stepDefinitions.HomePageSteps - Clicked on Reviews tab.
16:09:40.779 [main] INFO  stepDefinitions.HomePageSteps - New review was successfully submitted for approval.
